Using pre-set license
Built from '2021.3/staging' branch; Version is '2021.3.33f1 (ee5a2aa03ab2) revision 15620650'; Using compiler version '192829333'; Build Type 'Release'
OS: 'Windows 10  (10.0.19045) 64bit Professional' Language: 'tr' Physical Memory: 16333 MB
BatchMode: 1, IsHumanControllingUs: 0, StartBugReporterOnCrash: 0, Is64bit: 1, IsPro: 1

COMMAND LINE ARGUMENTS:
C:\Program Files\Unity\Hub\Editor\2021.3.33f1\Editor\Unity.exe
-adb2
-batchMode
-noUpm
-name
AssetImportWorker1
-projectPath
C:/Users/erenn/Documents/GitHub/RoadChange/DefaultBase
-logFile
Logs/AssetImportWorker1.log
-srvPort
56762
Successfully changed project path to: C:/Users/erenn/Documents/GitHub/RoadChange/DefaultBase
C:/Users/erenn/Documents/GitHub/RoadChange/DefaultBase
[UnityMemory] Configuration Parameters - Can be set up in boot.config
    "memorysetup-bucket-allocator-granularity=16"
    "memorysetup-bucket-allocator-bucket-count=8"
    "memorysetup-bucket-allocator-block-size=33554432"
    "memorysetup-bucket-allocator-block-count=8"
    "memorysetup-main-allocator-block-size=16777216"
    "memorysetup-thread-allocator-block-size=16777216"
    "memorysetup-gfx-main-allocator-block-size=16777216"
    "memorysetup-gfx-thread-allocator-block-size=16777216"
    "memorysetup-cache-allocator-block-size=4194304"
    "memorysetup-typetree-allocator-block-size=2097152"
    "memorysetup-profiler-bucket-allocator-granularity=16"
    "memorysetup-profiler-bucket-allocator-bucket-count=8"
    "memorysetup-profiler-bucket-allocator-block-size=33554432"
    "memorysetup-profiler-bucket-allocator-block-count=8"
    "memorysetup-profiler-allocator-block-size=16777216"
    "memorysetup-profiler-editor-allocator-block-size=1048576"
    "memorysetup-temp-allocator-size-main=16777216"
    "memorysetup-job-temp-allocator-block-size=2097152"
    "memorysetup-job-temp-allocator-block-size-background=1048576"
    "memorysetup-job-temp-allocator-reduction-small-platforms=262144"
    "memorysetup-temp-allocator-size-background-worker=32768"
    "memorysetup-temp-allocator-size-job-worker=262144"
    "memorysetup-temp-allocator-size-preload-manager=33554432"
    "memorysetup-temp-allocator-size-nav-mesh-worker=65536"
    "memorysetup-temp-allocator-size-audio-worker=65536"
    "memorysetup-temp-allocator-size-cloud-worker=32768"
    "memorysetup-temp-allocator-size-gi-baking-worker=262144"
    "memorysetup-temp-allocator-size-gfx=262144"
Player connection [10368] Host "[IP] 192.168.0.16 [Port] 0 [Flags] 2 [Guid] 1809527256 [EditorId] 1809527256 [Version] 1048832 [Id] WindowsEditor(7,Eren) [Debug] 1 [PackageName] WindowsEditor [ProjectName] Editor" joined multi-casting on [225.0.0.222:54997]...

Player connection [10368] Host "[IP] 192.168.0.16 [Port] 0 [Flags] 2 [Guid] 1809527256 [EditorId] 1809527256 [Version] 1048832 [Id] WindowsEditor(7,Eren) [Debug] 1 [PackageName] WindowsEditor [ProjectName] Editor" joined alternative multi-casting on [225.0.0.222:34997]...

[Physics::Module] Initialized MultithreadedJobDispatcher with {0} workers.
Refreshing native plugins compatible for Editor in 265.30 ms, found 4 plugins.
Preloading 0 native plugins for Editor in 0.00 ms.
Initialize engine version: 2021.3.33f1 (ee5a2aa03ab2)
[Subsystems] Discovering subsystems at path C:/Program Files/Unity/Hub/Editor/2021.3.33f1/Editor/Data/Resources/UnitySubsystems
[Subsystems] Discovering subsystems at path C:/Users/erenn/Documents/GitHub/RoadChange/DefaultBase/Assets
GfxDevice: creating device client; threaded=0; jobified=0
Direct3D:
    Version:  Direct3D 11.0 [level 11.1]
    Renderer: NVIDIA GeForce RTX 2060 (ID=0x1f08)
    Vendor:   NVIDIA
    VRAM:     5969 MB
    Driver:   31.0.15.4633
Initialize mono
Mono path[0] = 'C:/Program Files/Unity/Hub/Editor/2021.3.33f1/Editor/Data/Managed'
Mono path[1] = 'C:/Program Files/Unity/Hub/Editor/2021.3.33f1/Editor/Data/MonoBleedingEdge/lib/mono/unityjit-win32'
Mono config path = 'C:/Program Files/Unity/Hub/Editor/2021.3.33f1/Editor/Data/MonoBleedingEdge/etc'
Using monoOptions --debugger-agent=transport=dt_socket,embedding=1,server=y,suspend=n,address=127.0.0.1:56852
Begin MonoManager ReloadAssembly
Registering precompiled unity dll's ...
Register platform support module: C:/Program Files/Unity/Hub/Editor/2021.3.33f1/Editor/Data/PlaybackEngines/AndroidPlayer/UnityEditor.Android.Extensions.dll
Register platform support module: C:/Program Files/Unity/Hub/Editor/2021.3.33f1/Editor/Data/PlaybackEngines/WindowsStandaloneSupport/UnityEditor.WindowsStandalone.Extensions.dll
Registered in 0.295826 seconds.
Native extension for WindowsStandalone target not found
Native extension for Android target not found
Android Extension - Scanning For ADB Devices 506 ms
Refreshing native plugins compatible for Editor in 160.57 ms, found 4 plugins.
Preloading 0 native plugins for Editor in 0.00 ms.
Mono: successfully reloaded assembly
- Completed reload, in  7.442 seconds
Domain Reload Profiling:
	ReloadAssembly (7442ms)
		BeginReloadAssembly (4654ms)
			ExecutionOrderSort (0ms)
			DisableScriptedObjects (0ms)
			BackupInstance (0ms)
			ReleaseScriptingObjects (0ms)
			CreateAndSetChildDomain (1ms)
		EndReloadAssembly (2086ms)
			LoadAssemblies (4650ms)
			RebuildTransferFunctionScriptingTraits (0ms)
			SetupTypeCache (1017ms)
			ReleaseScriptCaches (0ms)
			RebuildScriptCaches (38ms)
			SetupLoadedEditorAssemblies (971ms)
				LogAssemblyErrors (0ms)
				InitializePlatformSupportModulesInManaged (620ms)
				SetLoadedEditorAssemblies (0ms)
				RefreshPlugins (161ms)
				BeforeProcessingInitializeOnLoad (2ms)
				ProcessInitializeOnLoadAttributes (128ms)
				ProcessInitializeOnLoadMethodAttributes (60ms)
				AfterProcessingInitializeOnLoad (0ms)
				EditorAssembliesLoaded (0ms)
			ExecutionOrderSort2 (0ms)
			AwakeInstancesAfterBackupRestoration (0ms)
Platform modules already initialized, skipping
Registering precompiled user dll's ...
Registered in 0.012605 seconds.
Begin MonoManager ReloadAssembly
Native extension for WindowsStandalone target not found
Native extension for Android target not found
Refreshing native plugins compatible for Editor in 150.19 ms, found 4 plugins.
Preloading 0 native plugins for Editor in 0.00 ms.
Package Manager log level set to [2]
[Package Manager] Server::EnsureServerProcessIsRunning -- launch failed, reason: Unity was launched with the -noUpm command-line argument
[Package Manager] Cannot connect to Unity Package Manager local server
Mono: successfully reloaded assembly
- Completed reload, in 16.221 seconds
Domain Reload Profiling:
	ReloadAssembly (16222ms)
		BeginReloadAssembly (183ms)
			ExecutionOrderSort (0ms)
			DisableScriptedObjects (9ms)
			BackupInstance (0ms)
			ReleaseScriptingObjects (0ms)
			CreateAndSetChildDomain (29ms)
		EndReloadAssembly (15657ms)
			LoadAssemblies (12001ms)
			RebuildTransferFunctionScriptingTraits (0ms)
			SetupTypeCache (1687ms)
			ReleaseScriptCaches (1ms)
			RebuildScriptCaches (90ms)
			SetupLoadedEditorAssemblies (1850ms)
				LogAssemblyErrors (0ms)
				InitializePlatformSupportModulesInManaged (27ms)
				SetLoadedEditorAssemblies (0ms)
				RefreshPlugins (150ms)
				BeforeProcessingInitializeOnLoad (131ms)
				ProcessInitializeOnLoadAttributes (1427ms)
				ProcessInitializeOnLoadMethodAttributes (102ms)
				AfterProcessingInitializeOnLoad (13ms)
				EditorAssembliesLoaded (0ms)
			ExecutionOrderSort2 (0ms)
			AwakeInstancesAfterBackupRestoration (8ms)
Platform modules already initialized, skipping
========================================================================
Worker process is ready to serve import requests
Launched and connected shader compiler UnityShaderCompiler.exe after 3.65 seconds
Refreshing native plugins compatible for Editor in 1.53 ms, found 4 plugins.
Preloading 0 native plugins for Editor in 0.00 ms.
Unloading 3866 Unused Serialized files (Serialized files now loaded: 0)
Unloading 34 unused Assets / (399.3 KB). Loaded Objects now: 4365.
Memory consumption went from 279.9 MB to 279.5 MB.
Total: 3.876000 ms (FindLiveObjects: 0.378600 ms CreateObjectMapping: 0.120600 ms MarkObjects: 3.146300 ms  DeleteObjects: 0.229300 ms)

AssetImportParameters requested are different than current active one (requested -> active):
  custom:video-decoder-ogg-theora: a1e56fd34408186e4bbccfd4996cb3dc -> 
  custom:container-muxer-webm: aa71ff27fc2769a1b78a27578f13a17b -> 
  custom:container-demuxer-webm: 4f35f7cbe854078d1ac9338744f61a02 -> 
  custom:video-encoder-webm-vp8: eb34c28f22e8b96e1ab97ce403110664 -> 
  custom:CustomObjectIndexerAttribute: 6b0e35c9178b02a6363f3721b7b8e397 -> 
  custom:audio-encoder-webm-vorbis: bf7c407c2cedff20999df2af8eb42d56 -> 
  custom:framework-win-MediaFoundation: 216162199b28c13a410421893ffa2e32 -> 
  custom:SearchIndexIgnoredProperties: e643bd26f0fe6173181afceb89e7c659 -> 
  custom:container-demuxer-ogg: 62fdf1f143b41e24485cea50d1cbac27 -> 
  custom:video-decoder-webm-vp8: 9c59270c3fd7afecdb556c50c9e8de78 -> 
  custom:audio-decoder-ogg-vorbis: bf7c407c2cedff20999df2af8eb42d56 -> 
========================================================================
Received Import Request.
  Time since last request: 157754.757087 seconds.
  path: Assets/_Game/Scenes/MainMenu.unity
  artifactKey: Guid(72c128ce115415849a23cb2c43234b2d) Importer(815301076,1909f56bfc062723c751e8b465ee728b)
Number of updated assets reloaded before import = 0
Start importing Assets/_Game/Scenes/MainMenu.unity using Guid(72c128ce115415849a23cb2c43234b2d) Importer(815301076,1909f56bfc062723c751e8b465ee728b)  -> (artifact id: '2b9dd440a739824907eef68c2baffa98') in 0.016503 seconds 
Number of asset objects unloaded after import = 0
========================================================================
Received Prepare
Registering precompiled user dll's ...
Registered in 0.012196 seconds.
Begin MonoManager ReloadAssembly
Native extension for WindowsStandalone target not found
Native extension for Android target not found
Refreshing native plugins compatible for Editor in 1.65 ms, found 4 plugins.
Preloading 0 native plugins for Editor in 0.00 ms.
[Package Manager] Server::EnsureServerProcessIsRunning -- launch failed, reason: Unity was launched with the -noUpm command-line argument
[Package Manager] Cannot connect to Unity Package Manager local server
Mono: successfully reloaded assembly
- Completed reload, in  2.010 seconds
Domain Reload Profiling:
	ReloadAssembly (2011ms)
		BeginReloadAssembly (280ms)
			ExecutionOrderSort (0ms)
			DisableScriptedObjects (14ms)
			BackupInstance (0ms)
			ReleaseScriptingObjects (0ms)
			CreateAndSetChildDomain (58ms)
		EndReloadAssembly (1584ms)
			LoadAssemblies (180ms)
			RebuildTransferFunctionScriptingTraits (0ms)
			SetupTypeCache (323ms)
			ReleaseScriptCaches (3ms)
			RebuildScriptCaches (78ms)
			SetupLoadedEditorAssemblies (991ms)
				LogAssemblyErrors (0ms)
				InitializePlatformSupportModulesInManaged (30ms)
				SetLoadedEditorAssemblies (1ms)
				RefreshPlugins (2ms)
				BeforeProcessingInitializeOnLoad (110ms)
				ProcessInitializeOnLoadAttributes (738ms)
				ProcessInitializeOnLoadMethodAttributes (97ms)
				AfterProcessingInitializeOnLoad (14ms)
				EditorAssembliesLoaded (0ms)
			ExecutionOrderSort2 (0ms)
			AwakeInstancesAfterBackupRestoration (11ms)
Platform modules already initialized, skipping
Refreshing native plugins compatible for Editor in 1.67 ms, found 4 plugins.
Preloading 0 native plugins for Editor in 0.00 ms.
Unloading 3689 Unused Serialized files (Serialized files now loaded: 0)
Unloading 29 unused Assets / (374.4 KB). Loaded Objects now: 4370.
Memory consumption went from 263.5 MB to 263.1 MB.
Total: 3.382400 ms (FindLiveObjects: 0.377900 ms CreateObjectMapping: 0.137700 ms MarkObjects: 2.682400 ms  DeleteObjects: 0.183500 ms)

AssetImportParameters requested are different than current active one (requested -> active):
  custom:video-decoder-ogg-theora: a1e56fd34408186e4bbccfd4996cb3dc -> 
  custom:container-muxer-webm: aa71ff27fc2769a1b78a27578f13a17b -> 
  custom:container-demuxer-webm: 4f35f7cbe854078d1ac9338744f61a02 -> 
  custom:video-encoder-webm-vp8: eb34c28f22e8b96e1ab97ce403110664 -> 
  custom:CustomObjectIndexerAttribute: 6b0e35c9178b02a6363f3721b7b8e397 -> 
  custom:audio-encoder-webm-vorbis: bf7c407c2cedff20999df2af8eb42d56 -> 
  custom:framework-win-MediaFoundation: 216162199b28c13a410421893ffa2e32 -> 
  custom:SearchIndexIgnoredProperties: e643bd26f0fe6173181afceb89e7c659 -> 
  custom:container-demuxer-ogg: 62fdf1f143b41e24485cea50d1cbac27 -> 
  custom:video-decoder-webm-vp8: 9c59270c3fd7afecdb556c50c9e8de78 -> 
  custom:audio-decoder-ogg-vorbis: bf7c407c2cedff20999df2af8eb42d56 -> 
========================================================================
Received Prepare
Registering precompiled user dll's ...
Registered in 0.010899 seconds.
Begin MonoManager ReloadAssembly
Native extension for WindowsStandalone target not found
Native extension for Android target not found
Refreshing native plugins compatible for Editor in 2.87 ms, found 4 plugins.
Preloading 0 native plugins for Editor in 0.00 ms.
[Package Manager] Server::EnsureServerProcessIsRunning -- launch failed, reason: Unity was launched with the -noUpm command-line argument
[Package Manager] Cannot connect to Unity Package Manager local server
Mono: successfully reloaded assembly
- Completed reload, in  1.817 seconds
Domain Reload Profiling:
	ReloadAssembly (1818ms)
		BeginReloadAssembly (188ms)
			ExecutionOrderSort (0ms)
			DisableScriptedObjects (7ms)
			BackupInstance (0ms)
			ReleaseScriptingObjects (0ms)
			CreateAndSetChildDomain (39ms)
		EndReloadAssembly (1502ms)
			LoadAssemblies (137ms)
			RebuildTransferFunctionScriptingTraits (0ms)
			SetupTypeCache (287ms)
			ReleaseScriptCaches (2ms)
			RebuildScriptCaches (65ms)
			SetupLoadedEditorAssemblies (969ms)
				LogAssemblyErrors (0ms)
				InitializePlatformSupportModulesInManaged (31ms)
				SetLoadedEditorAssemblies (1ms)
				RefreshPlugins (3ms)
				BeforeProcessingInitializeOnLoad (112ms)
				ProcessInitializeOnLoadAttributes (716ms)
				ProcessInitializeOnLoadMethodAttributes (92ms)
				AfterProcessingInitializeOnLoad (13ms)
				EditorAssembliesLoaded (0ms)
			ExecutionOrderSort2 (0ms)
			AwakeInstancesAfterBackupRestoration (11ms)
Platform modules already initialized, skipping
Refreshing native plugins compatible for Editor in 1.69 ms, found 4 plugins.
Preloading 0 native plugins for Editor in 0.00 ms.
Unloading 3687 Unused Serialized files (Serialized files now loaded: 0)
Unloading 31 unused Assets / (382.1 KB). Loaded Objects now: 4371.
Memory consumption went from 263.4 MB to 263.1 MB.
Total: 3.379400 ms (FindLiveObjects: 0.456300 ms CreateObjectMapping: 0.102600 ms MarkObjects: 2.623900 ms  DeleteObjects: 0.195200 ms)

AssetImportParameters requested are different than current active one (requested -> active):
  custom:video-decoder-ogg-theora: a1e56fd34408186e4bbccfd4996cb3dc -> 
  custom:container-muxer-webm: aa71ff27fc2769a1b78a27578f13a17b -> 
  custom:container-demuxer-webm: 4f35f7cbe854078d1ac9338744f61a02 -> 
  custom:video-encoder-webm-vp8: eb34c28f22e8b96e1ab97ce403110664 -> 
  custom:CustomObjectIndexerAttribute: 6b0e35c9178b02a6363f3721b7b8e397 -> 
  custom:audio-encoder-webm-vorbis: bf7c407c2cedff20999df2af8eb42d56 -> 
  custom:framework-win-MediaFoundation: 216162199b28c13a410421893ffa2e32 -> 
  custom:SearchIndexIgnoredProperties: e643bd26f0fe6173181afceb89e7c659 -> 
  custom:container-demuxer-ogg: 62fdf1f143b41e24485cea50d1cbac27 -> 
  custom:video-decoder-webm-vp8: 9c59270c3fd7afecdb556c50c9e8de78 -> 
  custom:audio-decoder-ogg-vorbis: bf7c407c2cedff20999df2af8eb42d56 -> 
========================================================================
Received Import Request.
  Time since last request: 2838.091137 seconds.
  path: Assets/ThirdPartyAssets/GUI Kit Casual Game/ResourcesData/Sprite/Demo/Demo_ClanFlag/ClanFlag_Bg_Large1.png
  artifactKey: Guid(9e04158621a66e346b70388d6357494b) Importer(815301076,1909f56bfc062723c751e8b465ee728b)
Number of updated assets reloaded before import = 0
Start importing Assets/ThirdPartyAssets/GUI Kit Casual Game/ResourcesData/Sprite/Demo/Demo_ClanFlag/ClanFlag_Bg_Large1.png using Guid(9e04158621a66e346b70388d6357494b) Importer(815301076,1909f56bfc062723c751e8b465ee728b)  -> (artifact id: '1e9be68136574f298dcf025596e8f934') in 0.179909 seconds 
Number of asset objects unloaded after import = 3
========================================================================
Received Import Request.
  Time since last request: 0.000042 seconds.
  path: Assets/ThirdPartyAssets/GUI Kit Casual Game/ResourcesData/Sprite/Demo/Demo_Play/Play_Roulette_Bg.png
  artifactKey: Guid(1443eaf3593730946b3cbc9e4e395de2) Importer(815301076,1909f56bfc062723c751e8b465ee728b)
Number of updated assets reloaded before import = 0
Start importing Assets/ThirdPartyAssets/GUI Kit Casual Game/ResourcesData/Sprite/Demo/Demo_Play/Play_Roulette_Bg.png using Guid(1443eaf3593730946b3cbc9e4e395de2) Importer(815301076,1909f56bfc062723c751e8b465ee728b)  -> (artifact id: '665f5c18a97a177762f48ebcbf7e518a') in 0.119815 seconds 
Number of asset objects unloaded after import = 3
========================================================================
Received Import Request.
  Time since last request: 0.000050 seconds.
  path: Assets/ThirdPartyAssets/GUI Kit Casual Game/ResourcesData/Sprite/Demo/Demo_Play/Play_Minimap_Character_Bg_InBase.png
  artifactKey: Guid(deef7d28045284f449ec0c47e1cbbcdc) Importer(815301076,1909f56bfc062723c751e8b465ee728b)
Number of updated assets reloaded before import = 0
Start importing Assets/ThirdPartyAssets/GUI Kit Casual Game/ResourcesData/Sprite/Demo/Demo_Play/Play_Minimap_Character_Bg_InBase.png using Guid(deef7d28045284f449ec0c47e1cbbcdc) Importer(815301076,1909f56bfc062723c751e8b465ee728b)  -> (artifact id: '668f12a7eef7465fa3e71cf39d3329da') in 0.033556 seconds 
Number of asset objects unloaded after import = 3
========================================================================
Received Import Request.
  Time since last request: 0.000028 seconds.
  path: Assets/ThirdPartyAssets/GUI Kit Casual Game/ResourcesData/Sprite/Demo/Demo_ClanFlag/ClanFlag_Bg_Small1.png
  artifactKey: Guid(d0c52ba7ab7399b42a0c655ba7a07417) Importer(815301076,1909f56bfc062723c751e8b465ee728b)
Number of updated assets reloaded before import = 0
Start importing Assets/ThirdPartyAssets/GUI Kit Casual Game/ResourcesData/Sprite/Demo/Demo_ClanFlag/ClanFlag_Bg_Small1.png using Guid(d0c52ba7ab7399b42a0c655ba7a07417) Importer(815301076,1909f56bfc062723c751e8b465ee728b)  -> (artifact id: '4d294f42c4982784a0989f256feca706') in 0.033194 seconds 
Number of asset objects unloaded after import = 3
========================================================================
Received Import Request.
  Time since last request: 0.000021 seconds.
  path: Assets/ThirdPartyAssets/GUI Kit Casual Game/ResourcesData/Sprite/Demo/Demo_ClanFlag/ClanFlag_Bg_Small3.png
  artifactKey: Guid(22e8b042ccef2aa4085d521379e86c34) Importer(815301076,1909f56bfc062723c751e8b465ee728b)
Number of updated assets reloaded before import = 0
Start importing Assets/ThirdPartyAssets/GUI Kit Casual Game/ResourcesData/Sprite/Demo/Demo_ClanFlag/ClanFlag_Bg_Small3.png using Guid(22e8b042ccef2aa4085d521379e86c34) Importer(815301076,1909f56bfc062723c751e8b465ee728b)  -> (artifact id: '55e8e72b4aba1ae01f35102743aac3b5') in 0.026912 seconds 
Number of asset objects unloaded after import = 3
========================================================================
Received Import Request.
  Time since last request: 0.000025 seconds.
  path: Assets/ThirdPartyAssets/GUI Kit Casual Game/ResourcesData/Sprite/Component/Slider/Slider19_Fusion_BgGlow.png
  artifactKey: Guid(1e6ae96ee68d643fbaba3efabe195a41) Importer(815301076,1909f56bfc062723c751e8b465ee728b)
Number of updated assets reloaded before import = 0
Start importing Assets/ThirdPartyAssets/GUI Kit Casual Game/ResourcesData/Sprite/Component/Slider/Slider19_Fusion_BgGlow.png using Guid(1e6ae96ee68d643fbaba3efabe195a41) Importer(815301076,1909f56bfc062723c751e8b465ee728b)  -> (artifact id: '3f161441febccf0c69f5a95834ec622f') in 0.125377 seconds 
Number of asset objects unloaded after import = 3
========================================================================
Received Import Request.
  Time since last request: 0.000030 seconds.
  path: Assets/ThirdPartyAssets/GUI Kit Casual Game/ResourcesData/Sprite/Demo/Demo_Play/Play_Skill_Bg_Frame_Orange.png
  artifactKey: Guid(72a8734fdf28344f5bec4e848deca398) Importer(815301076,1909f56bfc062723c751e8b465ee728b)
Number of updated assets reloaded before import = 0
Start importing Assets/ThirdPartyAssets/GUI Kit Casual Game/ResourcesData/Sprite/Demo/Demo_Play/Play_Skill_Bg_Frame_Orange.png using Guid(72a8734fdf28344f5bec4e848deca398) Importer(815301076,1909f56bfc062723c751e8b465ee728b)  -> (artifact id: '24c4f329cf94be1fbafb9d72bf523e1a') in 0.038920 seconds 
Number of asset objects unloaded after import = 3
========================================================================
Received Import Request.
  Time since last request: 0.000047 seconds.
  path: Assets/ThirdPartyAssets/GUI Kit Casual Game/ResourcesData/Sprite/Demo/Demo_ClanFlag/ClanFlag_Bg_Large2.png
  artifactKey: Guid(2260775c4636fef4d9edd5c01c7824a6) Importer(815301076,1909f56bfc062723c751e8b465ee728b)
Number of updated assets reloaded before import = 0
Start importing Assets/ThirdPartyAssets/GUI Kit Casual Game/ResourcesData/Sprite/Demo/Demo_ClanFlag/ClanFlag_Bg_Large2.png using Guid(2260775c4636fef4d9edd5c01c7824a6) Importer(815301076,1909f56bfc062723c751e8b465ee728b)  -> (artifact id: '4a8fafb0551f5f835874f3875341a5d0') in 0.034680 seconds 
Number of asset objects unloaded after import = 3
========================================================================
Received Import Request.
  Time since last request: 0.000023 seconds.
  path: Assets/ThirdPartyAssets/GUI Kit Casual Game/ResourcesData/Sprite/Component/Slider/Slider19_Fusion_Bg4.png
  artifactKey: Guid(d76183b5f944e4bf7b83bfb855b435d0) Importer(815301076,1909f56bfc062723c751e8b465ee728b)
Number of updated assets reloaded before import = 0
Start importing Assets/ThirdPartyAssets/GUI Kit Casual Game/ResourcesData/Sprite/Component/Slider/Slider19_Fusion_Bg4.png using Guid(d76183b5f944e4bf7b83bfb855b435d0) Importer(815301076,1909f56bfc062723c751e8b465ee728b)  -> (artifact id: '8bf380db88c1c28f654f7d38c5f11033') in 0.054255 seconds 
Number of asset objects unloaded after import = 3
========================================================================
Received Import Request.
  Time since last request: 0.000019 seconds.
  path: Assets/ThirdPartyAssets/GUI Kit Casual Game/ResourcesData/Sprite/Demo/Demo_ClanFlag/ClanFlag_Bg_Small2.png
  artifactKey: Guid(4890604ebc1f8204f82fc9befeccc4a7) Importer(815301076,1909f56bfc062723c751e8b465ee728b)
Number of updated assets reloaded before import = 0
Start importing Assets/ThirdPartyAssets/GUI Kit Casual Game/ResourcesData/Sprite/Demo/Demo_ClanFlag/ClanFlag_Bg_Small2.png using Guid(4890604ebc1f8204f82fc9befeccc4a7) Importer(815301076,1909f56bfc062723c751e8b465ee728b)  -> (artifact id: 'fccaeeab6853926d3084549676546bc6') in 0.033238 seconds 
Number of asset objects unloaded after import = 3
========================================================================
Received Import Request.
  Time since last request: 0.000030 seconds.
  path: Assets/ThirdPartyAssets/GUI Kit Casual Game/ResourcesData/Sprite/Demo/Demo_Play/Play_Minimap_Bg_Frame.png
  artifactKey: Guid(9d4fcdb08be0c724e950fb55d0529244) Importer(815301076,1909f56bfc062723c751e8b465ee728b)
Number of updated assets reloaded before import = 0
Start importing Assets/ThirdPartyAssets/GUI Kit Casual Game/ResourcesData/Sprite/Demo/Demo_Play/Play_Minimap_Bg_Frame.png using Guid(9d4fcdb08be0c724e950fb55d0529244) Importer(815301076,1909f56bfc062723c751e8b465ee728b)  -> (artifact id: 'd5e5a017ed893213e476a964480331c5') in 0.034255 seconds 
Number of asset objects unloaded after import = 3
========================================================================
Received Import Request.
  Time since last request: 0.000042 seconds.
  path: Assets/ThirdPartyAssets/GUI Kit Casual Game/ResourcesData/Sprite/Demo/Demo_Play/Play_Time_Bg_pvp.png
  artifactKey: Guid(083765f8b6f37cc48b90ea40a2875f9e) Importer(815301076,1909f56bfc062723c751e8b465ee728b)
Number of updated assets reloaded before import = 0
Start importing Assets/ThirdPartyAssets/GUI Kit Casual Game/ResourcesData/Sprite/Demo/Demo_Play/Play_Time_Bg_pvp.png using Guid(083765f8b6f37cc48b90ea40a2875f9e) Importer(815301076,1909f56bfc062723c751e8b465ee728b)  -> (artifact id: '7f61396522802c255339d8cd4d76ff8f') in 0.036377 seconds 
Number of asset objects unloaded after import = 3
========================================================================
Received Import Request.
  Time since last request: 0.000049 seconds.
  path: Assets/ThirdPartyAssets/GUI Kit Casual Game/ResourcesData/Sprite/Demo/Demo_Play/Play_Skill_Bg_InBase.png
  artifactKey: Guid(8209bc03277be44ea82dbc5caef4715c) Importer(815301076,1909f56bfc062723c751e8b465ee728b)
Number of updated assets reloaded before import = 0
Start importing Assets/ThirdPartyAssets/GUI Kit Casual Game/ResourcesData/Sprite/Demo/Demo_Play/Play_Skill_Bg_InBase.png using Guid(8209bc03277be44ea82dbc5caef4715c) Importer(815301076,1909f56bfc062723c751e8b465ee728b)  -> (artifact id: '8a37d9d0446bb3759384db2269cc77b9') in 0.032868 seconds 
Number of asset objects unloaded after import = 3
========================================================================
Received Prepare
Registering precompiled user dll's ...
Registered in 0.010516 seconds.
Begin MonoManager ReloadAssembly
Native extension for WindowsStandalone target not found
Native extension for Android target not found
Refreshing native plugins compatible for Editor in 1.73 ms, found 4 plugins.
Preloading 0 native plugins for Editor in 0.00 ms.
[Package Manager] Server::EnsureServerProcessIsRunning -- launch failed, reason: Unity was launched with the -noUpm command-line argument
[Package Manager] Cannot connect to Unity Package Manager local server
Mono: successfully reloaded assembly
- Completed reload, in  1.835 seconds
Domain Reload Profiling:
	ReloadAssembly (1836ms)
		BeginReloadAssembly (198ms)
			ExecutionOrderSort (0ms)
			DisableScriptedObjects (8ms)
			BackupInstance (0ms)
			ReleaseScriptingObjects (0ms)
			CreateAndSetChildDomain (42ms)
		EndReloadAssembly (1507ms)
			LoadAssemblies (148ms)
			RebuildTransferFunctionScriptingTraits (0ms)
			SetupTypeCache (293ms)
			ReleaseScriptCaches (2ms)
			RebuildScriptCaches (69ms)
			SetupLoadedEditorAssemblies (964ms)
				LogAssemblyErrors (0ms)
				InitializePlatformSupportModulesInManaged (29ms)
				SetLoadedEditorAssemblies (0ms)
				RefreshPlugins (2ms)
				BeforeProcessingInitializeOnLoad (104ms)
				ProcessInitializeOnLoadAttributes (722ms)
				ProcessInitializeOnLoadMethodAttributes (95ms)
				AfterProcessingInitializeOnLoad (12ms)
				EditorAssembliesLoaded (0ms)
			ExecutionOrderSort2 (0ms)
			AwakeInstancesAfterBackupRestoration (11ms)
Platform modules already initialized, skipping
Refreshing native plugins compatible for Editor in 1.88 ms, found 4 plugins.
Preloading 0 native plugins for Editor in 0.00 ms.
Unloading 3688 Unused Serialized files (Serialized files now loaded: 0)
Unloading 29 unused Assets / (382.0 KB). Loaded Objects now: 4403.
Memory consumption went from 264.0 MB to 263.6 MB.
Total: 3.889400 ms (FindLiveObjects: 0.401300 ms CreateObjectMapping: 0.104100 ms MarkObjects: 3.100500 ms  DeleteObjects: 0.282200 ms)

AssetImportParameters requested are different than current active one (requested -> active):
  custom:video-decoder-ogg-theora: a1e56fd34408186e4bbccfd4996cb3dc -> 
  custom:container-muxer-webm: aa71ff27fc2769a1b78a27578f13a17b -> 
  custom:container-demuxer-webm: 4f35f7cbe854078d1ac9338744f61a02 -> 
  custom:video-encoder-webm-vp8: eb34c28f22e8b96e1ab97ce403110664 -> 
  custom:CustomObjectIndexerAttribute: 6b0e35c9178b02a6363f3721b7b8e397 -> 
  custom:audio-encoder-webm-vorbis: bf7c407c2cedff20999df2af8eb42d56 -> 
  custom:framework-win-MediaFoundation: 216162199b28c13a410421893ffa2e32 -> 
  custom:SearchIndexIgnoredProperties: e643bd26f0fe6173181afceb89e7c659 -> 
  custom:container-demuxer-ogg: 62fdf1f143b41e24485cea50d1cbac27 -> 
  custom:video-decoder-webm-vp8: 9c59270c3fd7afecdb556c50c9e8de78 -> 
  custom:audio-decoder-ogg-vorbis: bf7c407c2cedff20999df2af8eb42d56 -> 
========================================================================
Received Import Request.
  Time since last request: 831.517447 seconds.
  path: Assets/ThirdPartyAssets/GUI Kit Casual Game/ResourcesData/Fonts/LilitaOne-Regular Outline 40 SDF.asset
  artifactKey: Guid(d22ffc04f6e51e2419e0bdf4431543d9) Importer(815301076,1909f56bfc062723c751e8b465ee728b)
Number of updated assets reloaded before import = 0
Start importing Assets/ThirdPartyAssets/GUI Kit Casual Game/ResourcesData/Fonts/LilitaOne-Regular Outline 40 SDF.asset using Guid(d22ffc04f6e51e2419e0bdf4431543d9) Importer(815301076,1909f56bfc062723c751e8b465ee728b)  -> (artifact id: '414071f10a7c93ce1795bbdb5634ace4') in 0.492674 seconds 
Number of asset objects unloaded after import = 13
========================================================================
Received Import Request.
  Time since last request: 0.000043 seconds.
  path: Assets/ThirdPartyAssets/GUI Kit Casual Game/ResourcesData/Fonts/LilitaOne-Regular Outline_Extended ASCII_32 SDF.asset
  artifactKey: Guid(1bdbbd43a253d47f99f853e49dce8edc) Importer(815301076,1909f56bfc062723c751e8b465ee728b)
Number of updated assets reloaded before import = 0
Start importing Assets/ThirdPartyAssets/GUI Kit Casual Game/ResourcesData/Fonts/LilitaOne-Regular Outline_Extended ASCII_32 SDF.asset using Guid(1bdbbd43a253d47f99f853e49dce8edc) Importer(815301076,1909f56bfc062723c751e8b465ee728b)  -> (artifact id: 'fe577e22482d755b1d153f1014ab031a') in 0.051465 seconds 
Number of asset objects unloaded after import = 6
========================================================================
Received Import Request.
  Time since last request: 0.000040 seconds.
  path: Assets/ThirdPartyAssets/GUI Kit Casual Game/ResourcesData/Fonts/LilitaOne-Regular Outline_Extended ASCII_64 SDF.asset
  artifactKey: Guid(4995422ffdb954b70a642f73eb1442ea) Importer(815301076,1909f56bfc062723c751e8b465ee728b)
Number of updated assets reloaded before import = 0
Start importing Assets/ThirdPartyAssets/GUI Kit Casual Game/ResourcesData/Fonts/LilitaOne-Regular Outline_Extended ASCII_64 SDF.asset using Guid(4995422ffdb954b70a642f73eb1442ea) Importer(815301076,1909f56bfc062723c751e8b465ee728b)  -> (artifact id: 'eb82ba1bf44afced1dd9ac06754cab32') in 0.060845 seconds 
Number of asset objects unloaded after import = 6
========================================================================
Received Import Request.
  Time since last request: 0.000025 seconds.
  path: Assets/ThirdPartyAssets/GUI Kit Casual Game/ResourcesData/Fonts/LilitaOne-Regular Outline 72 SDF.asset
  artifactKey: Guid(81bec6ce4bb273143830eff55d62c208) Importer(815301076,1909f56bfc062723c751e8b465ee728b)
Number of updated assets reloaded before import = 0
Start importing Assets/ThirdPartyAssets/GUI Kit Casual Game/ResourcesData/Fonts/LilitaOne-Regular Outline 72 SDF.asset using Guid(81bec6ce4bb273143830eff55d62c208) Importer(815301076,1909f56bfc062723c751e8b465ee728b)  -> (artifact id: '5c87409e6d88ded8b57b7eebd5dec317') in 0.066460 seconds 
Number of asset objects unloaded after import = 6
========================================================================
Received Import Request.
  Time since last request: 0.000033 seconds.
  path: Assets/ThirdPartyAssets/GUI Kit Casual Game/ResourcesData/Fonts/LilitaOne-Regular Outline_Extended ASCII_50 SDF.asset
  artifactKey: Guid(ad5569965d2734880a004e3e3d7d1358) Importer(815301076,1909f56bfc062723c751e8b465ee728b)
Number of updated assets reloaded before import = 0
Start importing Assets/ThirdPartyAssets/GUI Kit Casual Game/ResourcesData/Fonts/LilitaOne-Regular Outline_Extended ASCII_50 SDF.asset using Guid(ad5569965d2734880a004e3e3d7d1358) Importer(815301076,1909f56bfc062723c751e8b465ee728b)  -> (artifact id: 'aff16c724359e9212ac8a8876f03e408') in 0.041048 seconds 
Number of asset objects unloaded after import = 6
========================================================================
Received Import Request.
  Time since last request: 0.000030 seconds.
  path: Assets/ThirdPartyAssets/GUI Kit Casual Game/ResourcesData/Fonts/LilitaOne-Regular Outline_Extended ASCII_54 SDF.asset
  artifactKey: Guid(8ecd17aeceaba4c10b42ac497ccbfcff) Importer(815301076,1909f56bfc062723c751e8b465ee728b)
Number of updated assets reloaded before import = 0
Start importing Assets/ThirdPartyAssets/GUI Kit Casual Game/ResourcesData/Fonts/LilitaOne-Regular Outline_Extended ASCII_54 SDF.asset using Guid(8ecd17aeceaba4c10b42ac497ccbfcff) Importer(815301076,1909f56bfc062723c751e8b465ee728b)  -> (artifact id: 'abc49aa4f39a2d3e23a631ae1ab685f2') in 0.056611 seconds 
Number of asset objects unloaded after import = 6
========================================================================
Received Import Request.
  Time since last request: 0.000034 seconds.
  path: Assets/ThirdPartyAssets/GUI Kit Casual Game/ResourcesData/Fonts/LilitaOne-Regular Outline 64 SDF.asset
  artifactKey: Guid(7c22c28e8d6185a428dcfe1bf8d35721) Importer(815301076,1909f56bfc062723c751e8b465ee728b)
Number of updated assets reloaded before import = 0
Start importing Assets/ThirdPartyAssets/GUI Kit Casual Game/ResourcesData/Fonts/LilitaOne-Regular Outline 64 SDF.asset using Guid(7c22c28e8d6185a428dcfe1bf8d35721) Importer(815301076,1909f56bfc062723c751e8b465ee728b)  -> (artifact id: 'f7abf0ebd2488434015c9871428a3340') in 0.041297 seconds 
Number of asset objects unloaded after import = 6
========================================================================
Received Import Request.
  Time since last request: 0.000035 seconds.
  path: Assets/ThirdPartyAssets/GUI Kit Casual Game/ResourcesData/Fonts/LilitaOne-Regular Outline 50 SDF.asset
  artifactKey: Guid(fbd439ba0cb9f194db73d19b39b5c5d5) Importer(815301076,1909f56bfc062723c751e8b465ee728b)
Number of updated assets reloaded before import = 0
Start importing Assets/ThirdPartyAssets/GUI Kit Casual Game/ResourcesData/Fonts/LilitaOne-Regular Outline 50 SDF.asset using Guid(fbd439ba0cb9f194db73d19b39b5c5d5) Importer(815301076,1909f56bfc062723c751e8b465ee728b)  -> (artifact id: '0d882a335ecf06da86ae4293c8d7f9b2') in 0.031761 seconds 
Number of asset objects unloaded after import = 6
========================================================================
Received Import Request.
  Time since last request: 0.000030 seconds.
  path: Assets/ThirdPartyAssets/GUI Kit Casual Game/ResourcesData/Fonts/LilitaOne-Regular Outline_Extended ASCII_72 SDF.asset
  artifactKey: Guid(6ecbe1defc55a463ba1172f67f84844b) Importer(815301076,1909f56bfc062723c751e8b465ee728b)
Number of updated assets reloaded before import = 0
Start importing Assets/ThirdPartyAssets/GUI Kit Casual Game/ResourcesData/Fonts/LilitaOne-Regular Outline_Extended ASCII_72 SDF.asset using Guid(6ecbe1defc55a463ba1172f67f84844b) Importer(815301076,1909f56bfc062723c751e8b465ee728b)  -> (artifact id: '65972362ead0b0a48d15bc8f63534bb0') in 0.090230 seconds 
Number of asset objects unloaded after import = 6
========================================================================
Received Import Request.
  Time since last request: 0.000022 seconds.
  path: Assets/ThirdPartyAssets/GUI Kit Casual Game/ResourcesData/Fonts/LilitaOne-Regular Outline_Extended ASCII_120 SDF.asset
  artifactKey: Guid(8d34560b6d49c4469b2174ccd34ae34b) Importer(815301076,1909f56bfc062723c751e8b465ee728b)
Number of updated assets reloaded before import = 0
Start importing Assets/ThirdPartyAssets/GUI Kit Casual Game/ResourcesData/Fonts/LilitaOne-Regular Outline_Extended ASCII_120 SDF.asset using Guid(8d34560b6d49c4469b2174ccd34ae34b) Importer(815301076,1909f56bfc062723c751e8b465ee728b)  -> (artifact id: 'd5ab03db19d1ece5f7e82c48b328dc25') in 0.085800 seconds 
Number of asset objects unloaded after import = 6
========================================================================
Received Import Request.
  Time since last request: 24.716271 seconds.
  path: Assets/ThirdPartyAssets/GUI Kit Casual Game/ResourcesData/Sprite/Demo/Demo_UI/StatusBarBtn_Add_Purple.png
  artifactKey: Guid(fa7a2394ff728104e92383f8e40bed49) Importer(815301076,1909f56bfc062723c751e8b465ee728b)
Number of updated assets reloaded before import = 0
Start importing Assets/ThirdPartyAssets/GUI Kit Casual Game/ResourcesData/Sprite/Demo/Demo_UI/StatusBarBtn_Add_Purple.png using Guid(fa7a2394ff728104e92383f8e40bed49) Importer(815301076,1909f56bfc062723c751e8b465ee728b)  -> (artifact id: '0bea4fe40f0c125074658f3f8563a66f') in 0.042279 seconds 
Number of asset objects unloaded after import = 3
========================================================================
Received Import Request.
  Time since last request: 0.000023 seconds.
  path: Assets/ThirdPartyAssets/GUI Kit Casual Game/ResourcesData/Sprite/Demo/Demo_UI/Toggle_Check_Orange.png
  artifactKey: Guid(0a5c4448ffe9ade49a7bb15f3e375291) Importer(815301076,1909f56bfc062723c751e8b465ee728b)
Number of updated assets reloaded before import = 0
Start importing Assets/ThirdPartyAssets/GUI Kit Casual Game/ResourcesData/Sprite/Demo/Demo_UI/Toggle_Check_Orange.png using Guid(0a5c4448ffe9ade49a7bb15f3e375291) Importer(815301076,1909f56bfc062723c751e8b465ee728b)  -> (artifact id: '85b6ea4946e5e96d1dd5eead00bf868d') in 0.036610 seconds 
Number of asset objects unloaded after import = 3
========================================================================
Received Import Request.
  Time since last request: 0.000034 seconds.
  path: Assets/Plugins/Demigiant/DOTweenPro Examples/Examples Assets/dotweenpro_logo.png
  artifactKey: Guid(44a054df1702e39458b7072b08d0f212) Importer(815301076,1909f56bfc062723c751e8b465ee728b)
Number of updated assets reloaded before import = 0
Start importing Assets/Plugins/Demigiant/DOTweenPro Examples/Examples Assets/dotweenpro_logo.png using Guid(44a054df1702e39458b7072b08d0f212) Importer(815301076,1909f56bfc062723c751e8b465ee728b)  -> (artifact id: 'b53a98e26cb95f43e5b5544a1c2bf7d6') in 0.053168 seconds 
Number of asset objects unloaded after import = 3
========================================================================
Received Import Request.
  Time since last request: 0.000036 seconds.
  path: Assets/ThirdPartyAssets/GUI Kit Casual Game/ResourcesData/Sprite/_Icons/ItemIcons/128/common_icon_timer.png
  artifactKey: Guid(eb869f21d8d9842a6aafcd5521fad7bb) Importer(815301076,1909f56bfc062723c751e8b465ee728b)
Number of updated assets reloaded before import = 0
Start importing Assets/ThirdPartyAssets/GUI Kit Casual Game/ResourcesData/Sprite/_Icons/ItemIcons/128/common_icon_timer.png using Guid(eb869f21d8d9842a6aafcd5521fad7bb) Importer(815301076,1909f56bfc062723c751e8b465ee728b)  -> (artifact id: '5a04f02a538a72511f50779929b80898') in 0.043177 seconds 
Number of asset objects unloaded after import = 3
========================================================================
Received Import Request.
  Time since last request: 0.000029 seconds.
  path: Assets/ThirdPartyAssets/GUI Kit Casual Game/ResourcesData/Sprite/_Icons/ItemIcons/64/common_icon_target.png
  artifactKey: Guid(b5994b6e598ac4b9b88b7974b5d4217e) Importer(815301076,1909f56bfc062723c751e8b465ee728b)
Number of updated assets reloaded before import = 0
Start importing Assets/ThirdPartyAssets/GUI Kit Casual Game/ResourcesData/Sprite/_Icons/ItemIcons/64/common_icon_target.png using Guid(b5994b6e598ac4b9b88b7974b5d4217e) Importer(815301076,1909f56bfc062723c751e8b465ee728b)  -> (artifact id: 'f071e5b4c50d3c46b4fd3caab872fd58') in 0.036833 seconds 
Number of asset objects unloaded after import = 3
========================================================================
Received Import Request.
  Time since last request: 0.000038 seconds.
  path: Assets/ThirdPartyAssets/GUI Kit Casual Game/ResourcesData/Sprite/_Icons/ItemIcons/32/common_icon_star.png
  artifactKey: Guid(6fab1dd6b11844f95977b5498da5288a) Importer(815301076,1909f56bfc062723c751e8b465ee728b)
Number of updated assets reloaded before import = 0
Start importing Assets/ThirdPartyAssets/GUI Kit Casual Game/ResourcesData/Sprite/_Icons/ItemIcons/32/common_icon_star.png using Guid(6fab1dd6b11844f95977b5498da5288a) Importer(815301076,1909f56bfc062723c751e8b465ee728b)  -> (artifact id: '9e38f06ad1287fa2a3b15416a11c777f') in 0.040462 seconds 
Number of asset objects unloaded after import = 3
========================================================================
Received Import Request.
  Time since last request: 0.000037 seconds.
  path: Assets/ThirdPartyAssets/GUI Kit Casual Game/ResourcesData/Sprite/_Icons/ItemIcons/32/common_icon_shell.png
  artifactKey: Guid(fcc9f1e8ba93f4973bb9f4ace1436c18) Importer(815301076,1909f56bfc062723c751e8b465ee728b)
Number of updated assets reloaded before import = 0
Start importing Assets/ThirdPartyAssets/GUI Kit Casual Game/ResourcesData/Sprite/_Icons/ItemIcons/32/common_icon_shell.png using Guid(fcc9f1e8ba93f4973bb9f4ace1436c18) Importer(815301076,1909f56bfc062723c751e8b465ee728b)  -> (artifact id: 'f86ae8a9d53771003070e0cc2c73e5c4') in 0.039913 seconds 
Number of asset objects unloaded after import = 3
========================================================================
Received Import Request.
  Time since last request: 0.000035 seconds.
  path: Assets/ThirdPartyAssets/GUI Kit Casual Game/ResourcesData/Sprite/_Icons/ItemIcons/32/common_icon_sword.png
  artifactKey: Guid(bc32c2dae03c04598babfcbf4a981678) Importer(815301076,1909f56bfc062723c751e8b465ee728b)
Number of updated assets reloaded before import = 0
Start importing Assets/ThirdPartyAssets/GUI Kit Casual Game/ResourcesData/Sprite/_Icons/ItemIcons/32/common_icon_sword.png using Guid(bc32c2dae03c04598babfcbf4a981678) Importer(815301076,1909f56bfc062723c751e8b465ee728b)  -> (artifact id: '5bda3a961ac554319025ceae500b333a') in 0.036818 seconds 
Number of asset objects unloaded after import = 3
========================================================================
Received Import Request.
  Time since last request: 0.000051 seconds.
  path: Assets/ThirdPartyAssets/GUI Kit Casual Game/ResourcesData/Sprite/_Icons/ItemIcons/512/common_icon_timer.png
  artifactKey: Guid(19f0e2ee5f5684b3ab0fcdc4a6e6c42e) Importer(815301076,1909f56bfc062723c751e8b465ee728b)
Number of updated assets reloaded before import = 0
Start importing Assets/ThirdPartyAssets/GUI Kit Casual Game/ResourcesData/Sprite/_Icons/ItemIcons/512/common_icon_timer.png using Guid(19f0e2ee5f5684b3ab0fcdc4a6e6c42e) Importer(815301076,1909f56bfc062723c751e8b465ee728b)  -> (artifact id: '24ce2e136361fa3a9798eb45d8a183d7') in 0.057890 seconds 
Number of asset objects unloaded after import = 3
========================================================================
Received Import Request.
  Time since last request: 0.000031 seconds.
  path: Assets/ThirdPartyAssets/GUI Kit Casual Game/ResourcesData/Sprite/_Icons/ItemIcons/512/common_icon_shovel.png
  artifactKey: Guid(687cbd9b955cc41919f8dc5dfc97045f) Importer(815301076,1909f56bfc062723c751e8b465ee728b)
Number of updated assets reloaded before import = 0
Start importing Assets/ThirdPartyAssets/GUI Kit Casual Game/ResourcesData/Sprite/_Icons/ItemIcons/512/common_icon_shovel.png using Guid(687cbd9b955cc41919f8dc5dfc97045f) Importer(815301076,1909f56bfc062723c751e8b465ee728b)  -> (artifact id: '65baa84e9baae12fea8e75d67bd14fbf') in 0.060811 seconds 
Number of asset objects unloaded after import = 3
========================================================================
Received Import Request.
  Time since last request: 0.000030 seconds.
  path: Assets/ThirdPartyAssets/GUI Kit Casual Game/ResourcesData/Fonts/CookieRun Black Outline 120 SDF Atlas.png
  artifactKey: Guid(f4318018eb26b46dd83e7f4c0bfb4a9a) Importer(815301076,1909f56bfc062723c751e8b465ee728b)
Number of updated assets reloaded before import = 0
Start importing Assets/ThirdPartyAssets/GUI Kit Casual Game/ResourcesData/Fonts/CookieRun Black Outline 120 SDF Atlas.png using Guid(f4318018eb26b46dd83e7f4c0bfb4a9a) Importer(815301076,1909f56bfc062723c751e8b465ee728b)  -> (artifact id: '1086252bbcf95319f00e4d7b7fba86ab') in 0.099379 seconds 
Number of asset objects unloaded after import = 3
========================================================================
Received Import Request.
  Time since last request: 0.000041 seconds.
  path: Assets/ThirdPartyAssets/Epic Toon FX/Textures/confetti_outlined.png
  artifactKey: Guid(06cf26a067f54a84f826d691e97c214e) Importer(815301076,1909f56bfc062723c751e8b465ee728b)
Number of updated assets reloaded before import = 0
Start importing Assets/ThirdPartyAssets/Epic Toon FX/Textures/confetti_outlined.png using Guid(06cf26a067f54a84f826d691e97c214e) Importer(815301076,1909f56bfc062723c751e8b465ee728b)  -> (artifact id: '322450e28b2942f2ddeda5d52a1a9742') in 0.061551 seconds 
Number of asset objects unloaded after import = 3
========================================================================
Received Import Request.
  Time since last request: 0.000042 seconds.
  path: Assets/ThirdPartyAssets/GUI Kit Casual Game/ResourcesData/Sprite/Demo/Demo_UI/StatusBarIcon_Gem.png
  artifactKey: Guid(34e7ff17aa56ccc45b3e7f52caeb2d7e) Importer(815301076,1909f56bfc062723c751e8b465ee728b)
Number of updated assets reloaded before import = 0
Start importing Assets/ThirdPartyAssets/GUI Kit Casual Game/ResourcesData/Sprite/Demo/Demo_UI/StatusBarIcon_Gem.png using Guid(34e7ff17aa56ccc45b3e7f52caeb2d7e) Importer(815301076,1909f56bfc062723c751e8b465ee728b)  -> (artifact id: 'd69c93b7dca00c814646868002bd340d') in 0.033954 seconds 
Number of asset objects unloaded after import = 3
========================================================================
Received Import Request.
  Time since last request: 0.000033 seconds.
  path: Assets/ThirdPartyAssets/Epic Toon FX/Textures/decal_scorch.png
  artifactKey: Guid(d659a3754719fff45b28cec4c855e27c) Importer(815301076,1909f56bfc062723c751e8b465ee728b)
Number of updated assets reloaded before import = 0
Start importing Assets/ThirdPartyAssets/Epic Toon FX/Textures/decal_scorch.png using Guid(d659a3754719fff45b28cec4c855e27c) Importer(815301076,1909f56bfc062723c751e8b465ee728b)  -> (artifact id: 'a9a41a83961ad05ee9d177ee8d58e9af') in 0.056678 seconds 
Number of asset objects unloaded after import = 3
========================================================================
Received Import Request.
  Time since last request: 0.000040 seconds.
  path: Assets/ThirdPartyAssets/GUI Kit Casual Game/ResourcesData/Sprite/_Icons/ItemIcons/backup/512/common_icon_shell.png
  artifactKey: Guid(cf7cdf7b431004f118ccf405b23a6287) Importer(815301076,1909f56bfc062723c751e8b465ee728b)
Number of updated assets reloaded before import = 0
Start importing Assets/ThirdPartyAssets/GUI Kit Casual Game/ResourcesData/Sprite/_Icons/ItemIcons/backup/512/common_icon_shell.png using Guid(cf7cdf7b431004f118ccf405b23a6287) Importer(815301076,1909f56bfc062723c751e8b465ee728b)  -> (artifact id: '3dc908d7088dda6690568f4b949e2549') in 0.056100 seconds 
Number of asset objects unloaded after import = 3
========================================================================
Received Import Request.
  Time since last request: 0.000031 seconds.
  path: Assets/ThirdPartyAssets/GUI Kit Casual Game/ResourcesData/Sprite/_Icons/ItemIcons/256/common_icon_shell.png
  artifactKey: Guid(c10ec000b217c4fa18a058882a1cdd96) Importer(815301076,1909f56bfc062723c751e8b465ee728b)
Number of updated assets reloaded before import = 0
Start importing Assets/ThirdPartyAssets/GUI Kit Casual Game/ResourcesData/Sprite/_Icons/ItemIcons/256/common_icon_shell.png using Guid(c10ec000b217c4fa18a058882a1cdd96) Importer(815301076,1909f56bfc062723c751e8b465ee728b)  -> (artifact id: '94395615f46d53f69af8c6b566245f9b') in 0.043527 seconds 
Number of asset objects unloaded after import = 3
========================================================================
Received Import Request.
  Time since last request: 0.000042 seconds.
  path: Assets/ThirdPartyAssets/GUI Kit Casual Game/ResourcesData/Sprite/_Icons/ItemIcons/256/common_icon_stopwatch.png
  artifactKey: Guid(9db1138792ebc443db6c696ae834a5bf) Importer(815301076,1909f56bfc062723c751e8b465ee728b)
Number of updated assets reloaded before import = 0
Start importing Assets/ThirdPartyAssets/GUI Kit Casual Game/ResourcesData/Sprite/_Icons/ItemIcons/256/common_icon_stopwatch.png using Guid(9db1138792ebc443db6c696ae834a5bf) Importer(815301076,1909f56bfc062723c751e8b465ee728b)  -> (artifact id: 'edb351a6f6af0a5c91b50d3fb98b9767') in 0.041266 seconds 
Number of asset objects unloaded after import = 3
========================================================================
Received Import Request.
  Time since last request: 0.000047 seconds.
  path: Assets/ThirdPartyAssets/GUI Kit Casual Game/ResourcesData/Sprite/_Icons/ItemIcons/backup/32/common_icon_target.png
  artifactKey: Guid(3a05c97b2eae148c6a13be2913517a3f) Importer(815301076,1909f56bfc062723c751e8b465ee728b)
Number of updated assets reloaded before import = 0
Start importing Assets/ThirdPartyAssets/GUI Kit Casual Game/ResourcesData/Sprite/_Icons/ItemIcons/backup/32/common_icon_target.png using Guid(3a05c97b2eae148c6a13be2913517a3f) Importer(815301076,1909f56bfc062723c751e8b465ee728b)  -> (artifact id: 'e40254c3d382bd9bd78ca58add22019b') in 0.027880 seconds 
Number of asset objects unloaded after import = 3
========================================================================
Received Import Request.
  Time since last request: 0.000031 seconds.
  path: Assets/ThirdPartyAssets/GUI Kit Casual Game/_UsedAssets/ICONS/common_icon_shop.png
  artifactKey: Guid(e97c2aedd5cee458081361a48192d06b) Importer(815301076,1909f56bfc062723c751e8b465ee728b)
Number of updated assets reloaded before import = 0
Start importing Assets/ThirdPartyAssets/GUI Kit Casual Game/_UsedAssets/ICONS/common_icon_shop.png using Guid(e97c2aedd5cee458081361a48192d06b) Importer(815301076,1909f56bfc062723c751e8b465ee728b)  -> (artifact id: '068600fa4a29b289e2cd0c96cc9e467f') in 0.046326 seconds 
Number of asset objects unloaded after import = 3
========================================================================
Received Import Request.
  Time since last request: 0.000037 seconds.
  path: Assets/ThirdPartyAssets/GUI Kit Casual Game/ResourcesData/Sprite/_Icons/ItemIcons/128/common_icon_shovel.png
  artifactKey: Guid(bf56a7819ed574260bb7420d3e2d65f6) Importer(815301076,1909f56bfc062723c751e8b465ee728b)
Number of updated assets reloaded before import = 0
Start importing Assets/ThirdPartyAssets/GUI Kit Casual Game/ResourcesData/Sprite/_Icons/ItemIcons/128/common_icon_shovel.png using Guid(bf56a7819ed574260bb7420d3e2d65f6) Importer(815301076,1909f56bfc062723c751e8b465ee728b)  -> (artifact id: '34e9b74dbfc2034f641823654e61375e') in 0.036440 seconds 
Number of asset objects unloaded after import = 3
========================================================================
Received Import Request.
  Time since last request: 0.000035 seconds.
  path: Assets/ThirdPartyAssets/Lean/Common/Examples/Textures/Description.png
  artifactKey: Guid(e3c3aac37d6032c408e6fb79c8b30f96) Importer(815301076,1909f56bfc062723c751e8b465ee728b)
Number of updated assets reloaded before import = 0
Start importing Assets/ThirdPartyAssets/Lean/Common/Examples/Textures/Description.png using Guid(e3c3aac37d6032c408e6fb79c8b30f96) Importer(815301076,1909f56bfc062723c751e8b465ee728b)  -> (artifact id: '4ba6b034a922ca1f1e12e3e76f2b2d8c') in 0.056748 seconds 
Number of asset objects unloaded after import = 3
========================================================================
Received Import Request.
  Time since last request: 0.000051 seconds.
  path: Assets/ThirdPartyAssets/GUI Kit Casual Game/ResourcesData/Sprite/_Icons/ItemIcons/256/common_icon_quest.png
  artifactKey: Guid(15fd10711c5864e27837f99cd5bb6c4a) Importer(815301076,1909f56bfc062723c751e8b465ee728b)
Number of updated assets reloaded before import = 0
Start importing Assets/ThirdPartyAssets/GUI Kit Casual Game/ResourcesData/Sprite/_Icons/ItemIcons/256/common_icon_quest.png using Guid(15fd10711c5864e27837f99cd5bb6c4a) Importer(815301076,1909f56bfc062723c751e8b465ee728b)  -> (artifact id: '58675a125a0efd7c61d1efaa293f5173') in 0.045357 seconds 
Number of asset objects unloaded after import = 3
========================================================================
Received Import Request.
  Time since last request: 0.000038 seconds.
  path: Assets/ThirdPartyAssets/GUI Kit Casual Game/ResourcesData/Sprite/_Icons/ItemIcons/backup/128/common_icon_target.png
  artifactKey: Guid(beedc6aeb62f14cc9b4eee92d5253544) Importer(815301076,1909f56bfc062723c751e8b465ee728b)
Number of updated assets reloaded before import = 0
Start importing Assets/ThirdPartyAssets/GUI Kit Casual Game/ResourcesData/Sprite/_Icons/ItemIcons/backup/128/common_icon_target.png using Guid(beedc6aeb62f14cc9b4eee92d5253544) Importer(815301076,1909f56bfc062723c751e8b465ee728b)  -> (artifact id: 'fee2911d0552149101d0cb802f468d35') in 0.037562 seconds 
Number of asset objects unloaded after import = 3
========================================================================
Received Import Request.
  Time since last request: 0.000028 seconds.
  path: Assets/ThirdPartyAssets/GUI Kit Casual Game/ResourcesData/Sprite/_Icons/ItemIcons/512/common_icon_shell.png
  artifactKey: Guid(3c5560d6d522d4ba3853a2f1f65ab16c) Importer(815301076,1909f56bfc062723c751e8b465ee728b)
Number of updated assets reloaded before import = 0
Start importing Assets/ThirdPartyAssets/GUI Kit Casual Game/ResourcesData/Sprite/_Icons/ItemIcons/512/common_icon_shell.png using Guid(3c5560d6d522d4ba3853a2f1f65ab16c) Importer(815301076,1909f56bfc062723c751e8b465ee728b)  -> (artifact id: '99bfdc75b3e545c79512959cbea8139f') in 0.046108 seconds 
Number of asset objects unloaded after import = 3
========================================================================
Received Import Request.
  Time since last request: 0.000029 seconds.
  path: Assets/ThirdPartyAssets/GUI Kit Casual Game/ResourcesData/Sprite/_Icons/ItemIcons/backup/64/common_icon_target.png
  artifactKey: Guid(c1b592ba8467641c29b9f785df2a0490) Importer(815301076,1909f56bfc062723c751e8b465ee728b)
Number of updated assets reloaded before import = 0
Start importing Assets/ThirdPartyAssets/GUI Kit Casual Game/ResourcesData/Sprite/_Icons/ItemIcons/backup/64/common_icon_target.png using Guid(c1b592ba8467641c29b9f785df2a0490) Importer(815301076,1909f56bfc062723c751e8b465ee728b)  -> (artifact id: 'a11d8601fcdd16e1a39c4da43610e31d') in 0.026541 seconds 
Number of asset objects unloaded after import = 3
========================================================================
Received Import Request.
  Time since last request: 0.000027 seconds.
  path: Assets/ThirdPartyAssets/GUI Kit Casual Game/ResourcesData/Sprite/_Icons/ItemIcons/64/common_icon_sword.png
  artifactKey: Guid(02c1d6960563b47e69d71d0981159c4a) Importer(815301076,1909f56bfc062723c751e8b465ee728b)
Number of updated assets reloaded before import = 0
Start importing Assets/ThirdPartyAssets/GUI Kit Casual Game/ResourcesData/Sprite/_Icons/ItemIcons/64/common_icon_sword.png using Guid(02c1d6960563b47e69d71d0981159c4a) Importer(815301076,1909f56bfc062723c751e8b465ee728b)  -> (artifact id: 'f7672ed7e99bd4a6281702cbd1e57026') in 0.031026 seconds 
Number of asset objects unloaded after import = 3
========================================================================
Received Import Request.
  Time since last request: 0.000032 seconds.
  path: Assets/ThirdPartyAssets/GUI Kit Casual Game/ResourcesData/Sprite/Equipment_Inventory/equipicon_sample_book.png
  artifactKey: Guid(949f7004ed54344bebb60dbafccfa660) Importer(815301076,1909f56bfc062723c751e8b465ee728b)
Number of updated assets reloaded before import = 0
Start importing Assets/ThirdPartyAssets/GUI Kit Casual Game/ResourcesData/Sprite/Equipment_Inventory/equipicon_sample_book.png using Guid(949f7004ed54344bebb60dbafccfa660) Importer(815301076,1909f56bfc062723c751e8b465ee728b)  -> (artifact id: '14af4e3f48790fe284469be0f5cbb717') in 0.033489 seconds 
Number of asset objects unloaded after import = 3
========================================================================
Received Import Request.
  Time since last request: 0.000027 seconds.
  path: Assets/ThirdPartyAssets/GUI Kit Casual Game/ResourcesData/Sprite/Equipment_Inventory/equipicon_sample_egg.png
  artifactKey: Guid(95a372ffeea2a4ae0baa518551b8566b) Importer(815301076,1909f56bfc062723c751e8b465ee728b)
Number of updated assets reloaded before import = 0
Start importing Assets/ThirdPartyAssets/GUI Kit Casual Game/ResourcesData/Sprite/Equipment_Inventory/equipicon_sample_egg.png using Guid(95a372ffeea2a4ae0baa518551b8566b) Importer(815301076,1909f56bfc062723c751e8b465ee728b)  -> (artifact id: '3d17ba9161e7b68b5159ef94caea3007') in 0.039947 seconds 
Number of asset objects unloaded after import = 3
========================================================================
Received Import Request.
  Time since last request: 0.000048 seconds.
  path: Assets/ThirdPartyAssets/Epic Toon FX/Demo/Textures/devsprite_small.png
  artifactKey: Guid(1b11d80e568a47143a1865eb7ae8976e) Importer(815301076,1909f56bfc062723c751e8b465ee728b)
Number of updated assets reloaded before import = 0
Start importing Assets/ThirdPartyAssets/Epic Toon FX/Demo/Textures/devsprite_small.png using Guid(1b11d80e568a47143a1865eb7ae8976e) Importer(815301076,1909f56bfc062723c751e8b465ee728b)  -> (artifact id: '22798f83be65aa38a868f16278704d1a') in 0.041812 seconds 
Number of asset objects unloaded after import = 3
========================================================================
Received Import Request.
  Time since last request: 0.000021 seconds.
  path: Assets/ThirdPartyAssets/GUI Kit Casual Game/ResourcesData/Sprite/_Icons/ItemIcons/512/common_icon_tooth.png
  artifactKey: Guid(bfa567e4f360e4375be5671dcdf933bb) Importer(815301076,1909f56bfc062723c751e8b465ee728b)
Number of updated assets reloaded before import = 0
Start importing Assets/ThirdPartyAssets/GUI Kit Casual Game/ResourcesData/Sprite/_Icons/ItemIcons/512/common_icon_tooth.png using Guid(bfa567e4f360e4375be5671dcdf933bb) Importer(815301076,1909f56bfc062723c751e8b465ee728b)  -> (artifact id: '2a9a1654b3aea6aec68720b6c3217f98') in 0.052656 seconds 
Number of asset objects unloaded after import = 3
========================================================================
Received Import Request.
  Time since last request: 0.000022 seconds.
  path: Assets/ThirdPartyAssets/GUI Kit Casual Game/ResourcesData/Sprite/_Icons/ItemIcons/64/common_icon_trophy.png
  artifactKey: Guid(fd66bb972dd674e5892ab9a5ba83233f) Importer(815301076,1909f56bfc062723c751e8b465ee728b)
Number of updated assets reloaded before import = 0
Start importing Assets/ThirdPartyAssets/GUI Kit Casual Game/ResourcesData/Sprite/_Icons/ItemIcons/64/common_icon_trophy.png using Guid(fd66bb972dd674e5892ab9a5ba83233f) Importer(815301076,1909f56bfc062723c751e8b465ee728b)  -> (artifact id: '1c0a8bd5bc1f5df991addd1012d5dff4') in 0.032236 seconds 
Number of asset objects unloaded after import = 3
========================================================================
Received Import Request.
  Time since last request: 0.000023 seconds.
  path: Assets/ThirdPartyAssets/GUI Kit Casual Game/ResourcesData/Sprite/_Icons/ItemIcons/64/common_icon_setting.png
  artifactKey: Guid(edbcb499cb50746a280cae78d5098424) Importer(815301076,1909f56bfc062723c751e8b465ee728b)
Number of updated assets reloaded before import = 0
Start importing Assets/ThirdPartyAssets/GUI Kit Casual Game/ResourcesData/Sprite/_Icons/ItemIcons/64/common_icon_setting.png using Guid(edbcb499cb50746a280cae78d5098424) Importer(815301076,1909f56bfc062723c751e8b465ee728b)  -> (artifact id: '3a0489538773a5cf6cac88443e4cc724') in 0.036195 seconds 
Number of asset objects unloaded after import = 3
========================================================================
Received Import Request.
  Time since last request: 0.000084 seconds.
  path: Assets/ThirdPartyAssets/GUI Kit Casual Game/ResourcesData/Sprite/Demo/Demo_UI/User_Picture_Empty.png
  artifactKey: Guid(ae46caec1a992804da23805fc7e49f78) Importer(815301076,1909f56bfc062723c751e8b465ee728b)
Number of updated assets reloaded before import = 0
Start importing Assets/ThirdPartyAssets/GUI Kit Casual Game/ResourcesData/Sprite/Demo/Demo_UI/User_Picture_Empty.png using Guid(ae46caec1a992804da23805fc7e49f78) Importer(815301076,1909f56bfc062723c751e8b465ee728b)  -> (artifact id: 'c031bd23202e7443efa7bb574c3258c8') in 0.032781 seconds 
Number of asset objects unloaded after import = 3
========================================================================
Received Import Request.
  Time since last request: 0.000041 seconds.
  path: Assets/ThirdPartyAssets/GUI Kit Casual Game/ResourcesData/Sprite/_Icons/ItemIcons/512/common_icon_setting.png
  artifactKey: Guid(5ceaccf5342734c158961448ee89f94e) Importer(815301076,1909f56bfc062723c751e8b465ee728b)
Number of updated assets reloaded before import = 0
Start importing Assets/ThirdPartyAssets/GUI Kit Casual Game/ResourcesData/Sprite/_Icons/ItemIcons/512/common_icon_setting.png using Guid(5ceaccf5342734c158961448ee89f94e) Importer(815301076,1909f56bfc062723c751e8b465ee728b)  -> (artifact id: 'b60d891226f3a63a256bcd00f0d6cba1') in 0.056947 seconds 
Number of asset objects unloaded after import = 3
========================================================================
Received Import Request.
  Time since last request: 0.000020 seconds.
  path: Assets/ThirdPartyAssets/GUI Kit Casual Game/ResourcesData/Sprite/_Icons/ItemIcons/32/common_icon_timer.png
  artifactKey: Guid(a2cb4fbc73ade4936b1d4f4114c1cbda) Importer(815301076,1909f56bfc062723c751e8b465ee728b)
Number of updated assets reloaded before import = 0
Start importing Assets/ThirdPartyAssets/GUI Kit Casual Game/ResourcesData/Sprite/_Icons/ItemIcons/32/common_icon_timer.png using Guid(a2cb4fbc73ade4936b1d4f4114c1cbda) Importer(815301076,1909f56bfc062723c751e8b465ee728b)  -> (artifact id: 'a0da94647718cfbfc82e95ec511a4344') in 0.032322 seconds 
Number of asset objects unloaded after import = 3
========================================================================
Received Import Request.
  Time since last request: 0.000025 seconds.
  path: Assets/ThirdPartyAssets/GUI Kit Casual Game/ResourcesData/Sprite/_Icons/ItemIcons/32/common_icon_shield.png
  artifactKey: Guid(e6ef0e2ca1c714ee688bd6c1ad4efd9c) Importer(815301076,1909f56bfc062723c751e8b465ee728b)
Number of updated assets reloaded before import = 0
Start importing Assets/ThirdPartyAssets/GUI Kit Casual Game/ResourcesData/Sprite/_Icons/ItemIcons/32/common_icon_shield.png using Guid(e6ef0e2ca1c714ee688bd6c1ad4efd9c) Importer(815301076,1909f56bfc062723c751e8b465ee728b)  -> (artifact id: 'baabcf91040af598d744f36e8cd08591') in 0.030103 seconds 
Number of asset objects unloaded after import = 3
========================================================================
Received Import Request.
  Time since last request: 0.000026 seconds.
  path: Assets/ThirdPartyAssets/GUI Kit Casual Game/ResourcesData/Sprite/_Icons/ItemIcons/32/common_icon_ranking.png
  artifactKey: Guid(854b20bf0ab354591bdb4be6e778b7aa) Importer(815301076,1909f56bfc062723c751e8b465ee728b)
Number of updated assets reloaded before import = 0
Start importing Assets/ThirdPartyAssets/GUI Kit Casual Game/ResourcesData/Sprite/_Icons/ItemIcons/32/common_icon_ranking.png using Guid(854b20bf0ab354591bdb4be6e778b7aa) Importer(815301076,1909f56bfc062723c751e8b465ee728b)  -> (artifact id: 'efd3c69ad0afb0b5e9e667efef89e112') in 0.033895 seconds 
Number of asset objects unloaded after import = 3
========================================================================
Received Import Request.
  Time since last request: 0.000024 seconds.
  path: Assets/ThirdPartyAssets/GUI Kit Casual Game/ResourcesData/Sprite/Demo/Demo_UI/Toggle_Switch_On_Handle.png
  artifactKey: Guid(83bbe6de4b901d24fb7fb16da3a3ef12) Importer(815301076,1909f56bfc062723c751e8b465ee728b)
Number of updated assets reloaded before import = 0
Start importing Assets/ThirdPartyAssets/GUI Kit Casual Game/ResourcesData/Sprite/Demo/Demo_UI/Toggle_Switch_On_Handle.png using Guid(83bbe6de4b901d24fb7fb16da3a3ef12) Importer(815301076,1909f56bfc062723c751e8b465ee728b)  -> (artifact id: '9af8b4afa86de90c76ab52150625579f') in 0.031482 seconds 
Number of asset objects unloaded after import = 3
========================================================================
Received Import Request.
  Time since last request: 0.000027 seconds.
  path: Assets/ThirdPartyAssets/GUI Kit Casual Game/ResourcesData/Sprite/_Icons/ItemIcons/512/common_icon_star.png
  artifactKey: Guid(00d1de0aea5894d8fa19ebaa1f4252e0) Importer(815301076,1909f56bfc062723c751e8b465ee728b)
Number of updated assets reloaded before import = 0
Start importing Assets/ThirdPartyAssets/GUI Kit Casual Game/ResourcesData/Sprite/_Icons/ItemIcons/512/common_icon_star.png using Guid(00d1de0aea5894d8fa19ebaa1f4252e0) Importer(815301076,1909f56bfc062723c751e8b465ee728b)  -> (artifact id: '78769c978dd8c263a3239b90a4c8f461') in 0.048996 seconds 
Number of asset objects unloaded after import = 3
========================================================================
Received Import Request.
  Time since last request: 0.000043 seconds.
  path: Assets/ThirdPartyAssets/GUI Kit Casual Game/ResourcesData/Sprite/_Icons/ItemIcons/64/common_icon_quest.png
  artifactKey: Guid(2b81ab2666e0c44c99e485aa8f6e07a2) Importer(815301076,1909f56bfc062723c751e8b465ee728b)
Number of updated assets reloaded before import = 0
Start importing Assets/ThirdPartyAssets/GUI Kit Casual Game/ResourcesData/Sprite/_Icons/ItemIcons/64/common_icon_quest.png using Guid(2b81ab2666e0c44c99e485aa8f6e07a2) Importer(815301076,1909f56bfc062723c751e8b465ee728b)  -> (artifact id: 'b8cecde5cce38eb7f4d40d7afd6cee18') in 0.036026 seconds 
Number of asset objects unloaded after import = 3
========================================================================
Received Import Request.
  Time since last request: 0.000029 seconds.
  path: Assets/ThirdPartyAssets/GUI Kit Casual Game/_UsedAssets/Game/common_icon_timer.png
  artifactKey: Guid(3cf65a7851d6d4a388831c56d671b68c) Importer(815301076,1909f56bfc062723c751e8b465ee728b)
Number of updated assets reloaded before import = 0
Start importing Assets/ThirdPartyAssets/GUI Kit Casual Game/_UsedAssets/Game/common_icon_timer.png using Guid(3cf65a7851d6d4a388831c56d671b68c) Importer(815301076,1909f56bfc062723c751e8b465ee728b)  -> (artifact id: 'f0f94798bdb6bbb96dad184eaa82b32e') in 0.041033 seconds 
Number of asset objects unloaded after import = 3
========================================================================
Received Import Request.
  Time since last request: 0.000029 seconds.
  path: Assets/ThirdPartyAssets/GUI Kit Casual Game/ResourcesData/Sprite/_Icons/ItemIcons/32/common_icon_setting.png
  artifactKey: Guid(b76c3eff8e59c4e66a9ae02b2c6aeb67) Importer(815301076,1909f56bfc062723c751e8b465ee728b)
Number of updated assets reloaded before import = 0
Start importing Assets/ThirdPartyAssets/GUI Kit Casual Game/ResourcesData/Sprite/_Icons/ItemIcons/32/common_icon_setting.png using Guid(b76c3eff8e59c4e66a9ae02b2c6aeb67) Importer(815301076,1909f56bfc062723c751e8b465ee728b)  -> (artifact id: 'fc645d90892ed7659dee5a1890a12d97') in 0.046657 seconds 
Number of asset objects unloaded after import = 3
========================================================================
Received Import Request.
  Time since last request: 0.000026 seconds.
  path: Assets/ThirdPartyAssets/GUI Kit Casual Game/ResourcesData/Sprite/Demo/Demo_UI/User_Picture_Sample.png
  artifactKey: Guid(e991e1fb233b2da43a5fa1ba2a1e1c27) Importer(815301076,1909f56bfc062723c751e8b465ee728b)
Number of updated assets reloaded before import = 0
Start importing Assets/ThirdPartyAssets/GUI Kit Casual Game/ResourcesData/Sprite/Demo/Demo_UI/User_Picture_Sample.png using Guid(e991e1fb233b2da43a5fa1ba2a1e1c27) Importer(815301076,1909f56bfc062723c751e8b465ee728b)  -> (artifact id: '37dbc51acb09250027b83107a628139b') in 0.032841 seconds 
Number of asset objects unloaded after import = 3
========================================================================
Received Import Request.
  Time since last request: 0.000033 seconds.
  path: Assets/ThirdPartyAssets/GUI Kit Casual Game/ResourcesData/Sprite/Equipment_Inventory/equipicon_sample_chest.png
  artifactKey: Guid(209e0eb770bd94bc4ac1cf106de18eb7) Importer(815301076,1909f56bfc062723c751e8b465ee728b)
Number of updated assets reloaded before import = 0
Start importing Assets/ThirdPartyAssets/GUI Kit Casual Game/ResourcesData/Sprite/Equipment_Inventory/equipicon_sample_chest.png using Guid(209e0eb770bd94bc4ac1cf106de18eb7) Importer(815301076,1909f56bfc062723c751e8b465ee728b)  -> (artifact id: '3701d43ee3dfbe40a335a0839e863f39') in 0.035279 seconds 
Number of asset objects unloaded after import = 3
========================================================================
Received Import Request.
  Time since last request: 0.000032 seconds.
  path: Assets/ThirdPartyAssets/GUI Kit Casual Game/ResourcesData/Sprite/_Icons/ItemIcons/128/common_icon_sword.png
  artifactKey: Guid(b43a601edbadf403fb341211947bbddf) Importer(815301076,1909f56bfc062723c751e8b465ee728b)
Number of updated assets reloaded before import = 0
Start importing Assets/ThirdPartyAssets/GUI Kit Casual Game/ResourcesData/Sprite/_Icons/ItemIcons/128/common_icon_sword.png using Guid(b43a601edbadf403fb341211947bbddf) Importer(815301076,1909f56bfc062723c751e8b465ee728b)  -> (artifact id: '7bd2a09924c062f9234e9b07ac11ff97') in 0.033702 seconds 
Number of asset objects unloaded after import = 3
========================================================================
Received Import Request.
  Time since last request: 0.000034 seconds.
  path: Assets/ThirdPartyAssets/GUI Kit Casual Game/ResourcesData/Sprite/Equipment_Inventory/equipicon_sample_dog_gum.png
  artifactKey: Guid(4a7be438cd9a94041802e4fadf206167) Importer(815301076,1909f56bfc062723c751e8b465ee728b)
Number of updated assets reloaded before import = 0
Start importing Assets/ThirdPartyAssets/GUI Kit Casual Game/ResourcesData/Sprite/Equipment_Inventory/equipicon_sample_dog_gum.png using Guid(4a7be438cd9a94041802e4fadf206167) Importer(815301076,1909f56bfc062723c751e8b465ee728b)  -> (artifact id: '2ed76e327aefbee94bf1e29181edec17') in 0.034635 seconds 
Number of asset objects unloaded after import = 3
========================================================================
Received Import Request.
  Time since last request: 0.000031 seconds.
  path: Assets/ThirdPartyAssets/GUI Kit Casual Game/ResourcesData/Sprite/_Icons/ItemIcons/512/common_icon_sword.png
  artifactKey: Guid(51e9dd4cd8b974d0cab896fcf74a8b9c) Importer(815301076,1909f56bfc062723c751e8b465ee728b)
Number of updated assets reloaded before import = 0
Start importing Assets/ThirdPartyAssets/GUI Kit Casual Game/ResourcesData/Sprite/_Icons/ItemIcons/512/common_icon_sword.png using Guid(51e9dd4cd8b974d0cab896fcf74a8b9c) Importer(815301076,1909f56bfc062723c751e8b465ee728b)  -> (artifact id: 'ff565efa3436e90a9420f3b2aed70ab7') in 0.057677 seconds 
Number of asset objects unloaded after import = 3
========================================================================
Received Import Request.
  Time since last request: 0.000022 seconds.
  path: Assets/ThirdPartyAssets/GUI Kit Casual Game/ResourcesData/Fonts/CookieRun Black Outline 72 SDF Atlas.png
  artifactKey: Guid(3b98b1d4d020f485d839d46f3d718b84) Importer(815301076,1909f56bfc062723c751e8b465ee728b)
Number of updated assets reloaded before import = 0
Start importing Assets/ThirdPartyAssets/GUI Kit Casual Game/ResourcesData/Fonts/CookieRun Black Outline 72 SDF Atlas.png using Guid(3b98b1d4d020f485d839d46f3d718b84) Importer(815301076,1909f56bfc062723c751e8b465ee728b)  -> (artifact id: '26043146322053ca54e0f642fc9a1f7b') in 0.071945 seconds 
Number of asset objects unloaded after import = 3
========================================================================
Received Import Request.
  Time since last request: 0.000035 seconds.
  path: Assets/ThirdPartyAssets/GUI Kit Casual Game/ResourcesData/Sprite/_Icons/ItemIcons/128/common_icon_quest.png
  artifactKey: Guid(c675908cfd215411d9f442f78d844a61) Importer(815301076,1909f56bfc062723c751e8b465ee728b)
Number of updated assets reloaded before import = 0
Start importing Assets/ThirdPartyAssets/GUI Kit Casual Game/ResourcesData/Sprite/_Icons/ItemIcons/128/common_icon_quest.png using Guid(c675908cfd215411d9f442f78d844a61) Importer(815301076,1909f56bfc062723c751e8b465ee728b)  -> (artifact id: '53ed0d0547fc009fc9baed6e2d49146f') in 0.034648 seconds 
Number of asset objects unloaded after import = 3
========================================================================
Received Prepare
Registering precompiled user dll's ...
Registered in 0.013175 seconds.
Begin MonoManager ReloadAssembly
Native extension for WindowsStandalone target not found
Native extension for Android target not found
Refreshing native plugins compatible for Editor in 1.70 ms, found 4 plugins.
Preloading 0 native plugins for Editor in 0.00 ms.
[Package Manager] Server::EnsureServerProcessIsRunning -- launch failed, reason: Unity was launched with the -noUpm command-line argument
[Package Manager] Cannot connect to Unity Package Manager local server
Mono: successfully reloaded assembly
- Completed reload, in  1.836 seconds
Domain Reload Profiling:
	ReloadAssembly (1837ms)
		BeginReloadAssembly (206ms)
			ExecutionOrderSort (0ms)
			DisableScriptedObjects (14ms)
			BackupInstance (0ms)
			ReleaseScriptingObjects (0ms)
			CreateAndSetChildDomain (45ms)
		EndReloadAssembly (1499ms)
			LoadAssemblies (132ms)
			RebuildTransferFunctionScriptingTraits (0ms)
			SetupTypeCache (272ms)
			ReleaseScriptCaches (2ms)
			RebuildScriptCaches (67ms)
			SetupLoadedEditorAssemblies (961ms)
				LogAssemblyErrors (0ms)
				InitializePlatformSupportModulesInManaged (33ms)
				SetLoadedEditorAssemblies (0ms)
				RefreshPlugins (2ms)
				BeforeProcessingInitializeOnLoad (104ms)
				ProcessInitializeOnLoadAttributes (720ms)
				ProcessInitializeOnLoadMethodAttributes (91ms)
				AfterProcessingInitializeOnLoad (12ms)
				EditorAssembliesLoaded (0ms)
			ExecutionOrderSort2 (0ms)
			AwakeInstancesAfterBackupRestoration (16ms)
Platform modules already initialized, skipping
Refreshing native plugins compatible for Editor in 1.77 ms, found 4 plugins.
Preloading 0 native plugins for Editor in 0.00 ms.
Unloading 3695 Unused Serialized files (Serialized files now loaded: 0)
Unloading 47 unused Assets / (374.3 KB). Loaded Objects now: 4536.
Memory consumption went from 268.8 MB to 268.4 MB.
Total: 3.529700 ms (FindLiveObjects: 0.345500 ms CreateObjectMapping: 0.126300 ms MarkObjects: 2.865600 ms  DeleteObjects: 0.191000 ms)

AssetImportParameters requested are different than current active one (requested -> active):
  custom:video-decoder-ogg-theora: a1e56fd34408186e4bbccfd4996cb3dc -> 
  custom:container-muxer-webm: aa71ff27fc2769a1b78a27578f13a17b -> 
  custom:container-demuxer-webm: 4f35f7cbe854078d1ac9338744f61a02 -> 
  custom:video-encoder-webm-vp8: eb34c28f22e8b96e1ab97ce403110664 -> 
  custom:CustomObjectIndexerAttribute: 6b0e35c9178b02a6363f3721b7b8e397 -> 
  custom:audio-encoder-webm-vorbis: bf7c407c2cedff20999df2af8eb42d56 -> 
  custom:framework-win-MediaFoundation: 216162199b28c13a410421893ffa2e32 -> 
  custom:SearchIndexIgnoredProperties: e643bd26f0fe6173181afceb89e7c659 -> 
  custom:container-demuxer-ogg: 62fdf1f143b41e24485cea50d1cbac27 -> 
  custom:video-decoder-webm-vp8: 9c59270c3fd7afecdb556c50c9e8de78 -> 
  custom:audio-decoder-ogg-vorbis: bf7c407c2cedff20999df2af8eb42d56 -> 
========================================================================
Received Prepare
Registering precompiled user dll's ...
Registered in 0.015581 seconds.
Begin MonoManager ReloadAssembly
Native extension for WindowsStandalone target not found
Native extension for Android target not found
Refreshing native plugins compatible for Editor in 1.79 ms, found 4 plugins.
Preloading 0 native plugins for Editor in 0.00 ms.
[Package Manager] Server::EnsureServerProcessIsRunning -- launch failed, reason: Unity was launched with the -noUpm command-line argument
[Package Manager] Cannot connect to Unity Package Manager local server
Mono: successfully reloaded assembly
- Completed reload, in  1.862 seconds
Domain Reload Profiling:
	ReloadAssembly (1863ms)
		BeginReloadAssembly (191ms)
			ExecutionOrderSort (0ms)
			DisableScriptedObjects (8ms)
			BackupInstance (0ms)
			ReleaseScriptingObjects (0ms)
			CreateAndSetChildDomain (39ms)
		EndReloadAssembly (1544ms)
			LoadAssemblies (130ms)
			RebuildTransferFunctionScriptingTraits (0ms)
			SetupTypeCache (279ms)
			ReleaseScriptCaches (2ms)
			RebuildScriptCaches (65ms)
			SetupLoadedEditorAssemblies (1007ms)
				LogAssemblyErrors (0ms)
				InitializePlatformSupportModulesInManaged (32ms)
				SetLoadedEditorAssemblies (0ms)
				RefreshPlugins (2ms)
				BeforeProcessingInitializeOnLoad (107ms)
				ProcessInitializeOnLoadAttributes (751ms)
				ProcessInitializeOnLoadMethodAttributes (102ms)
				AfterProcessingInitializeOnLoad (12ms)
				EditorAssembliesLoaded (0ms)
			ExecutionOrderSort2 (0ms)
			AwakeInstancesAfterBackupRestoration (17ms)
Platform modules already initialized, skipping
Refreshing native plugins compatible for Editor in 2.51 ms, found 4 plugins.
Preloading 0 native plugins for Editor in 0.00 ms.
Unloading 3688 Unused Serialized files (Serialized files now loaded: 0)
Unloading 29 unused Assets / (374.2 KB). Loaded Objects now: 4539.
Memory consumption went from 268.3 MB to 267.9 MB.
Total: 4.595200 ms (FindLiveObjects: 0.398600 ms CreateObjectMapping: 0.108000 ms MarkObjects: 3.831800 ms  DeleteObjects: 0.255300 ms)

AssetImportParameters requested are different than current active one (requested -> active):
  custom:video-decoder-ogg-theora: a1e56fd34408186e4bbccfd4996cb3dc -> 
  custom:container-muxer-webm: aa71ff27fc2769a1b78a27578f13a17b -> 
  custom:container-demuxer-webm: 4f35f7cbe854078d1ac9338744f61a02 -> 
  custom:video-encoder-webm-vp8: eb34c28f22e8b96e1ab97ce403110664 -> 
  custom:CustomObjectIndexerAttribute: 6b0e35c9178b02a6363f3721b7b8e397 -> 
  custom:audio-encoder-webm-vorbis: bf7c407c2cedff20999df2af8eb42d56 -> 
  custom:framework-win-MediaFoundation: 216162199b28c13a410421893ffa2e32 -> 
  custom:SearchIndexIgnoredProperties: e643bd26f0fe6173181afceb89e7c659 -> 
  custom:container-demuxer-ogg: 62fdf1f143b41e24485cea50d1cbac27 -> 
  custom:video-decoder-webm-vp8: 9c59270c3fd7afecdb556c50c9e8de78 -> 
  custom:audio-decoder-ogg-vorbis: bf7c407c2cedff20999df2af8eb42d56 -> 
========================================================================
Received Prepare
Registering precompiled user dll's ...
Registered in 0.013065 seconds.
Begin MonoManager ReloadAssembly
Native extension for WindowsStandalone target not found
Native extension for Android target not found
Refreshing native plugins compatible for Editor in 1.75 ms, found 4 plugins.
Preloading 0 native plugins for Editor in 0.00 ms.
[Package Manager] Server::EnsureServerProcessIsRunning -- launch failed, reason: Unity was launched with the -noUpm command-line argument
[Package Manager] Cannot connect to Unity Package Manager local server
Mono: successfully reloaded assembly
- Completed reload, in  1.890 seconds
Domain Reload Profiling:
	ReloadAssembly (1891ms)
		BeginReloadAssembly (195ms)
			ExecutionOrderSort (0ms)
			DisableScriptedObjects (7ms)
			BackupInstance (0ms)
			ReleaseScriptingObjects (0ms)
			CreateAndSetChildDomain (39ms)
		EndReloadAssembly (1573ms)
			LoadAssemblies (136ms)
			RebuildTransferFunctionScriptingTraits (0ms)
			SetupTypeCache (278ms)
			ReleaseScriptCaches (2ms)
			RebuildScriptCaches (63ms)
			SetupLoadedEditorAssemblies (1034ms)
				LogAssemblyErrors (0ms)
				InitializePlatformSupportModulesInManaged (29ms)
				SetLoadedEditorAssemblies (1ms)
				RefreshPlugins (2ms)
				BeforeProcessingInitializeOnLoad (106ms)
				ProcessInitializeOnLoadAttributes (778ms)
				ProcessInitializeOnLoadMethodAttributes (104ms)
				AfterProcessingInitializeOnLoad (14ms)
				EditorAssembliesLoaded (0ms)
			ExecutionOrderSort2 (0ms)
			AwakeInstancesAfterBackupRestoration (18ms)
Platform modules already initialized, skipping
Refreshing native plugins compatible for Editor in 2.77 ms, found 4 plugins.
Preloading 0 native plugins for Editor in 0.00 ms.
Unloading 3688 Unused Serialized files (Serialized files now loaded: 0)
Unloading 29 unused Assets / (382.1 KB). Loaded Objects now: 4542.
Memory consumption went from 268.3 MB to 267.9 MB.
Total: 3.552900 ms (FindLiveObjects: 0.369200 ms CreateObjectMapping: 0.106100 ms MarkObjects: 2.835000 ms  DeleteObjects: 0.241300 ms)

AssetImportParameters requested are different than current active one (requested -> active):
  custom:video-decoder-ogg-theora: a1e56fd34408186e4bbccfd4996cb3dc -> 
  custom:container-muxer-webm: aa71ff27fc2769a1b78a27578f13a17b -> 
  custom:container-demuxer-webm: 4f35f7cbe854078d1ac9338744f61a02 -> 
  custom:video-encoder-webm-vp8: eb34c28f22e8b96e1ab97ce403110664 -> 
  custom:CustomObjectIndexerAttribute: 6b0e35c9178b02a6363f3721b7b8e397 -> 
  custom:audio-encoder-webm-vorbis: bf7c407c2cedff20999df2af8eb42d56 -> 
  custom:framework-win-MediaFoundation: 216162199b28c13a410421893ffa2e32 -> 
  custom:SearchIndexIgnoredProperties: e643bd26f0fe6173181afceb89e7c659 -> 
  custom:container-demuxer-ogg: 62fdf1f143b41e24485cea50d1cbac27 -> 
  custom:video-decoder-webm-vp8: 9c59270c3fd7afecdb556c50c9e8de78 -> 
  custom:audio-decoder-ogg-vorbis: bf7c407c2cedff20999df2af8eb42d56 -> 
========================================================================
Received Prepare
Registering precompiled user dll's ...
Registered in 0.011031 seconds.
Begin MonoManager ReloadAssembly
Native extension for WindowsStandalone target not found
Native extension for Android target not found
Refreshing native plugins compatible for Editor in 2.64 ms, found 4 plugins.
Preloading 0 native plugins for Editor in 0.00 ms.
[Package Manager] Server::EnsureServerProcessIsRunning -- launch failed, reason: Unity was launched with the -noUpm command-line argument
[Package Manager] Cannot connect to Unity Package Manager local server
Mono: successfully reloaded assembly
- Completed reload, in  1.959 seconds
Domain Reload Profiling:
	ReloadAssembly (1960ms)
		BeginReloadAssembly (201ms)
			ExecutionOrderSort (0ms)
			DisableScriptedObjects (8ms)
			BackupInstance (0ms)
			ReleaseScriptingObjects (0ms)
			CreateAndSetChildDomain (42ms)
		EndReloadAssembly (1613ms)
			LoadAssemblies (147ms)
			RebuildTransferFunctionScriptingTraits (0ms)
			SetupTypeCache (297ms)
			ReleaseScriptCaches (2ms)
			RebuildScriptCaches (67ms)
			SetupLoadedEditorAssemblies (1030ms)
				LogAssemblyErrors (0ms)
				InitializePlatformSupportModulesInManaged (32ms)
				SetLoadedEditorAssemblies (1ms)
				RefreshPlugins (3ms)
				BeforeProcessingInitializeOnLoad (114ms)
				ProcessInitializeOnLoadAttributes (766ms)
				ProcessInitializeOnLoadMethodAttributes (102ms)
				AfterProcessingInitializeOnLoad (12ms)
				EditorAssembliesLoaded (0ms)
			ExecutionOrderSort2 (0ms)
			AwakeInstancesAfterBackupRestoration (17ms)
Platform modules already initialized, skipping
Refreshing native plugins compatible for Editor in 2.74 ms, found 4 plugins.
Preloading 0 native plugins for Editor in 0.00 ms.
Unloading 3688 Unused Serialized files (Serialized files now loaded: 0)
Unloading 29 unused Assets / (374.2 KB). Loaded Objects now: 4545.
Memory consumption went from 268.3 MB to 267.9 MB.
Total: 4.757600 ms (FindLiveObjects: 0.439000 ms CreateObjectMapping: 0.152900 ms MarkObjects: 3.957500 ms  DeleteObjects: 0.206800 ms)

AssetImportParameters requested are different than current active one (requested -> active):
  custom:video-decoder-ogg-theora: a1e56fd34408186e4bbccfd4996cb3dc -> 
  custom:container-muxer-webm: aa71ff27fc2769a1b78a27578f13a17b -> 
  custom:container-demuxer-webm: 4f35f7cbe854078d1ac9338744f61a02 -> 
  custom:video-encoder-webm-vp8: eb34c28f22e8b96e1ab97ce403110664 -> 
  custom:CustomObjectIndexerAttribute: 6b0e35c9178b02a6363f3721b7b8e397 -> 
  custom:audio-encoder-webm-vorbis: bf7c407c2cedff20999df2af8eb42d56 -> 
  custom:framework-win-MediaFoundation: 216162199b28c13a410421893ffa2e32 -> 
  custom:SearchIndexIgnoredProperties: e643bd26f0fe6173181afceb89e7c659 -> 
  custom:container-demuxer-ogg: 62fdf1f143b41e24485cea50d1cbac27 -> 
  custom:video-decoder-webm-vp8: 9c59270c3fd7afecdb556c50c9e8de78 -> 
  custom:audio-decoder-ogg-vorbis: bf7c407c2cedff20999df2af8eb42d56 -> 
