Using pre-set license
Built from '2021.3/staging' branch; Version is '2021.3.33f1 (ee5a2aa03ab2) revision 15620650'; Using compiler version '192829333'; Build Type 'Release'
OS: 'Windows 10  (10.0.19045) 64bit Professional' Language: 'tr' Physical Memory: 16333 MB
BatchMode: 1, IsHumanControllingUs: 0, StartBugReporterOnCrash: 0, Is64bit: 1, IsPro: 1

COMMAND LINE ARGUMENTS:
C:\Program Files\Unity\Hub\Editor\2021.3.33f1\Editor\Unity.exe
-adb2
-batchMode
-noUpm
-name
AssetImportWorker3
-projectPath
C:/Users/erenn/Documents/GitHub/RoadChange/DefaultBase
-logFile
Logs/AssetImportWorker3.log
-srvPort
56762
Successfully changed project path to: C:/Users/erenn/Documents/GitHub/RoadChange/DefaultBase
C:/Users/erenn/Documents/GitHub/RoadChange/DefaultBase
[UnityMemory] Configuration Parameters - Can be set up in boot.config
    "memorysetup-bucket-allocator-granularity=16"
    "memorysetup-bucket-allocator-bucket-count=8"
    "memorysetup-bucket-allocator-block-size=33554432"
    "memorysetup-bucket-allocator-block-count=8"
    "memorysetup-main-allocator-block-size=16777216"
    "memorysetup-thread-allocator-block-size=16777216"
    "memorysetup-gfx-main-allocator-block-size=16777216"
    "memorysetup-gfx-thread-allocator-block-size=16777216"
    "memorysetup-cache-allocator-block-size=4194304"
    "memorysetup-typetree-allocator-block-size=2097152"
    "memorysetup-profiler-bucket-allocator-granularity=16"
    "memorysetup-profiler-bucket-allocator-bucket-count=8"
    "memorysetup-profiler-bucket-allocator-block-size=33554432"
    "memorysetup-profiler-bucket-allocator-block-count=8"
    "memorysetup-profiler-allocator-block-size=16777216"
    "memorysetup-profiler-editor-allocator-block-size=1048576"
    "memorysetup-temp-allocator-size-main=16777216"
    "memorysetup-job-temp-allocator-block-size=2097152"
    "memorysetup-job-temp-allocator-block-size-background=1048576"
    "memorysetup-job-temp-allocator-reduction-small-platforms=262144"
    "memorysetup-temp-allocator-size-background-worker=32768"
    "memorysetup-temp-allocator-size-job-worker=262144"
    "memorysetup-temp-allocator-size-preload-manager=33554432"
    "memorysetup-temp-allocator-size-nav-mesh-worker=65536"
    "memorysetup-temp-allocator-size-audio-worker=65536"
    "memorysetup-temp-allocator-size-cloud-worker=32768"
    "memorysetup-temp-allocator-size-gi-baking-worker=262144"
    "memorysetup-temp-allocator-size-gfx=262144"
Player connection [14420] Host "[IP] 192.168.0.16 [Port] 0 [Flags] 2 [Guid] 1985892420 [EditorId] 1985892420 [Version] 1048832 [Id] WindowsEditor(7,Eren) [Debug] 1 [PackageName] WindowsEditor [ProjectName] Editor" joined multi-casting on [225.0.0.222:54997]...

Player connection [14420] Host "[IP] 192.168.0.16 [Port] 0 [Flags] 2 [Guid] 1985892420 [EditorId] 1985892420 [Version] 1048832 [Id] WindowsEditor(7,Eren) [Debug] 1 [PackageName] WindowsEditor [ProjectName] Editor" joined alternative multi-casting on [225.0.0.222:34997]...

[Physics::Module] Initialized MultithreadedJobDispatcher with {0} workers.
Refreshing native plugins compatible for Editor in 205.71 ms, found 4 plugins.
Preloading 0 native plugins for Editor in 0.00 ms.
Initialize engine version: 2021.3.33f1 (ee5a2aa03ab2)
[Subsystems] Discovering subsystems at path C:/Program Files/Unity/Hub/Editor/2021.3.33f1/Editor/Data/Resources/UnitySubsystems
[Subsystems] Discovering subsystems at path C:/Users/erenn/Documents/GitHub/RoadChange/DefaultBase/Assets
GfxDevice: creating device client; threaded=0; jobified=0
Direct3D:
    Version:  Direct3D 11.0 [level 11.1]
    Renderer: NVIDIA GeForce RTX 2060 (ID=0x1f08)
    Vendor:   NVIDIA
    VRAM:     5969 MB
    Driver:   31.0.15.4633
Initialize mono
Mono path[0] = 'C:/Program Files/Unity/Hub/Editor/2021.3.33f1/Editor/Data/Managed'
Mono path[1] = 'C:/Program Files/Unity/Hub/Editor/2021.3.33f1/Editor/Data/MonoBleedingEdge/lib/mono/unityjit-win32'
Mono config path = 'C:/Program Files/Unity/Hub/Editor/2021.3.33f1/Editor/Data/MonoBleedingEdge/etc'
Using monoOptions --debugger-agent=transport=dt_socket,embedding=1,server=y,suspend=n,address=127.0.0.1:56220
Begin MonoManager ReloadAssembly
Registering precompiled unity dll's ...
Register platform support module: C:/Program Files/Unity/Hub/Editor/2021.3.33f1/Editor/Data/PlaybackEngines/AndroidPlayer/UnityEditor.Android.Extensions.dll
Register platform support module: C:/Program Files/Unity/Hub/Editor/2021.3.33f1/Editor/Data/PlaybackEngines/WindowsStandaloneSupport/UnityEditor.WindowsStandalone.Extensions.dll
Registered in 0.014458 seconds.
Native extension for WindowsStandalone target not found
Native extension for Android target not found
Android Extension - Scanning For ADB Devices 309 ms
Refreshing native plugins compatible for Editor in 161.50 ms, found 4 plugins.
Preloading 0 native plugins for Editor in 0.00 ms.
Mono: successfully reloaded assembly
- Completed reload, in  1.301 seconds
Domain Reload Profiling:
	ReloadAssembly (1302ms)
		BeginReloadAssembly (129ms)
			ExecutionOrderSort (0ms)
			DisableScriptedObjects (0ms)
			BackupInstance (0ms)
			ReleaseScriptingObjects (0ms)
			CreateAndSetChildDomain (1ms)
		EndReloadAssembly (1032ms)
			LoadAssemblies (126ms)
			RebuildTransferFunctionScriptingTraits (0ms)
			SetupTypeCache (154ms)
			ReleaseScriptCaches (0ms)
			RebuildScriptCaches (42ms)
			SetupLoadedEditorAssemblies (774ms)
				LogAssemblyErrors (0ms)
				InitializePlatformSupportModulesInManaged (427ms)
				SetLoadedEditorAssemblies (0ms)
				RefreshPlugins (162ms)
				BeforeProcessingInitializeOnLoad (2ms)
				ProcessInitializeOnLoadAttributes (125ms)
				ProcessInitializeOnLoadMethodAttributes (57ms)
				AfterProcessingInitializeOnLoad (0ms)
				EditorAssembliesLoaded (0ms)
			ExecutionOrderSort2 (0ms)
			AwakeInstancesAfterBackupRestoration (0ms)
Platform modules already initialized, skipping
Registering precompiled user dll's ...
Registered in 0.011373 seconds.
Begin MonoManager ReloadAssembly
Native extension for WindowsStandalone target not found
Native extension for Android target not found
Refreshing native plugins compatible for Editor in 158.22 ms, found 4 plugins.
Preloading 0 native plugins for Editor in 0.00 ms.
Package Manager log level set to [2]
[Package Manager] Server::EnsureServerProcessIsRunning -- launch failed, reason: Unity was launched with the -noUpm command-line argument
[Package Manager] Cannot connect to Unity Package Manager local server
Mono: successfully reloaded assembly
- Completed reload, in  2.002 seconds
Domain Reload Profiling:
	ReloadAssembly (2003ms)
		BeginReloadAssembly (165ms)
			ExecutionOrderSort (0ms)
			DisableScriptedObjects (8ms)
			BackupInstance (0ms)
			ReleaseScriptingObjects (0ms)
			CreateAndSetChildDomain (21ms)
		EndReloadAssembly (1702ms)
			LoadAssemblies (141ms)
			RebuildTransferFunctionScriptingTraits (0ms)
			SetupTypeCache (284ms)
			ReleaseScriptCaches (1ms)
			RebuildScriptCaches (84ms)
			SetupLoadedEditorAssemblies (1173ms)
				LogAssemblyErrors (0ms)
				InitializePlatformSupportModulesInManaged (27ms)
				SetLoadedEditorAssemblies (0ms)
				RefreshPlugins (158ms)
				BeforeProcessingInitializeOnLoad (126ms)
				ProcessInitializeOnLoadAttributes (750ms)
				ProcessInitializeOnLoadMethodAttributes (97ms)
				AfterProcessingInitializeOnLoad (14ms)
				EditorAssembliesLoaded (0ms)
			ExecutionOrderSort2 (0ms)
			AwakeInstancesAfterBackupRestoration (7ms)
Platform modules already initialized, skipping
========================================================================
Worker process is ready to serve import requests
Launched and connected shader compiler UnityShaderCompiler.exe after 0.05 seconds
Refreshing native plugins compatible for Editor in 1.87 ms, found 4 plugins.
Preloading 0 native plugins for Editor in 0.00 ms.
Unloading 3867 Unused Serialized files (Serialized files now loaded: 0)
Unloading 34 unused Assets / (383.8 KB). Loaded Objects now: 4366.
Memory consumption went from 280.0 MB to 279.6 MB.
Total: 3.705500 ms (FindLiveObjects: 0.350700 ms CreateObjectMapping: 0.103900 ms MarkObjects: 3.022700 ms  DeleteObjects: 0.226900 ms)

AssetImportParameters requested are different than current active one (requested -> active):
  custom:video-decoder-ogg-theora: a1e56fd34408186e4bbccfd4996cb3dc -> 
  custom:container-muxer-webm: aa71ff27fc2769a1b78a27578f13a17b -> 
  custom:container-demuxer-webm: 4f35f7cbe854078d1ac9338744f61a02 -> 
  custom:video-encoder-webm-vp8: eb34c28f22e8b96e1ab97ce403110664 -> 
  custom:CustomObjectIndexerAttribute: 6b0e35c9178b02a6363f3721b7b8e397 -> 
  custom:audio-encoder-webm-vorbis: bf7c407c2cedff20999df2af8eb42d56 -> 
  custom:framework-win-MediaFoundation: 216162199b28c13a410421893ffa2e32 -> 
  custom:SearchIndexIgnoredProperties: e643bd26f0fe6173181afceb89e7c659 -> 
  custom:container-demuxer-ogg: 62fdf1f143b41e24485cea50d1cbac27 -> 
  custom:video-decoder-webm-vp8: 9c59270c3fd7afecdb556c50c9e8de78 -> 
  custom:audio-decoder-ogg-vorbis: bf7c407c2cedff20999df2af8eb42d56 -> 
========================================================================
Received Import Request.
  Time since last request: 161451.512920 seconds.
  path: Assets/ThirdPartyAssets/GUI Kit Casual Game/ResourcesData/Sprite/Demo/Demo_UI/StatusBarBtn_Add_Yellow.png
  artifactKey: Guid(285b55fda6e364c4a9e04219da353360) Importer(815301076,1909f56bfc062723c751e8b465ee728b)
Number of updated assets reloaded before import = 0
Start importing Assets/ThirdPartyAssets/GUI Kit Casual Game/ResourcesData/Sprite/Demo/Demo_UI/StatusBarBtn_Add_Yellow.png using Guid(285b55fda6e364c4a9e04219da353360) Importer(815301076,1909f56bfc062723c751e8b465ee728b)  -> (artifact id: 'b232bb8f21966f0658736ab9b6a1322b') in 0.140146 seconds 
Number of asset objects unloaded after import = 3
========================================================================
Received Import Request.
  Time since last request: 0.000034 seconds.
  path: Assets/ThirdPartyAssets/GUI Kit Casual Game/ResourcesData/Sprite/Demo/Demo_UI/Toggle_CheckBox_Off.png
  artifactKey: Guid(695ee07f31039d5479717fcb6f2cbe86) Importer(815301076,1909f56bfc062723c751e8b465ee728b)
Number of updated assets reloaded before import = 0
Start importing Assets/ThirdPartyAssets/GUI Kit Casual Game/ResourcesData/Sprite/Demo/Demo_UI/Toggle_CheckBox_Off.png using Guid(695ee07f31039d5479717fcb6f2cbe86) Importer(815301076,1909f56bfc062723c751e8b465ee728b)  -> (artifact id: '1a6a76ea4a065bb3b789ac58eebf165a') in 0.033247 seconds 
Number of asset objects unloaded after import = 3
========================================================================
Received Import Request.
  Time since last request: 0.000035 seconds.
  path: Assets/ThirdPartyAssets/GUI Kit Casual Game/ResourcesData/Sprite/_Icons/ItemIcons/64/common_icon_star_red.png
  artifactKey: Guid(990c16725a2c34ac4850e687a0b403cb) Importer(815301076,1909f56bfc062723c751e8b465ee728b)
Number of updated assets reloaded before import = 0
Start importing Assets/ThirdPartyAssets/GUI Kit Casual Game/ResourcesData/Sprite/_Icons/ItemIcons/64/common_icon_star_red.png using Guid(990c16725a2c34ac4850e687a0b403cb) Importer(815301076,1909f56bfc062723c751e8b465ee728b)  -> (artifact id: '0f55be3cb552eba3691db9819d23fb77') in 0.040581 seconds 
Number of asset objects unloaded after import = 3
========================================================================
Received Import Request.
  Time since last request: 0.000035 seconds.
  path: Assets/ThirdPartyAssets/GUI Kit Casual Game/ResourcesData/Sprite/Equipment_Inventory/equipicon_sample_boxing_gloves.png
  artifactKey: Guid(7f5077902f34e4dcda6e69df4ced83a7) Importer(815301076,1909f56bfc062723c751e8b465ee728b)
Number of updated assets reloaded before import = 0
Start importing Assets/ThirdPartyAssets/GUI Kit Casual Game/ResourcesData/Sprite/Equipment_Inventory/equipicon_sample_boxing_gloves.png using Guid(7f5077902f34e4dcda6e69df4ced83a7) Importer(815301076,1909f56bfc062723c751e8b465ee728b)  -> (artifact id: '08ff150df50cdae05bff5423fde3d699') in 0.042769 seconds 
Number of asset objects unloaded after import = 3
========================================================================
Received Import Request.
  Time since last request: 0.000022 seconds.
  path: Assets/ThirdPartyAssets/GUI Kit Casual Game/ResourcesData/Fonts/CookieRun Black Outline 54 SDF Atlas.png
  artifactKey: Guid(35891abd43bca4b8dbaff570b5c0c53d) Importer(815301076,1909f56bfc062723c751e8b465ee728b)
Number of updated assets reloaded before import = 0
Start importing Assets/ThirdPartyAssets/GUI Kit Casual Game/ResourcesData/Fonts/CookieRun Black Outline 54 SDF Atlas.png using Guid(35891abd43bca4b8dbaff570b5c0c53d) Importer(815301076,1909f56bfc062723c751e8b465ee728b)  -> (artifact id: 'e0d4e8c40b8ec2906162ba1b5013e3d2') in 0.090786 seconds 
Number of asset objects unloaded after import = 3
========================================================================
Received Import Request.
  Time since last request: 0.000032 seconds.
  path: Assets/ThirdPartyAssets/GUI Kit Casual Game/ResourcesData/Sprite/_Icons/ItemIcons/backup/256/common_icon_target.png
  artifactKey: Guid(31b0560eba16c483b984dfb0169d898c) Importer(815301076,1909f56bfc062723c751e8b465ee728b)
Number of updated assets reloaded before import = 0
Start importing Assets/ThirdPartyAssets/GUI Kit Casual Game/ResourcesData/Sprite/_Icons/ItemIcons/backup/256/common_icon_target.png using Guid(31b0560eba16c483b984dfb0169d898c) Importer(815301076,1909f56bfc062723c751e8b465ee728b)  -> (artifact id: '7ff4761db4aa987bf11d182090f26314') in 0.047808 seconds 
Number of asset objects unloaded after import = 3
========================================================================
Received Import Request.
  Time since last request: 0.000026 seconds.
  path: Assets/ThirdPartyAssets/GUI Kit Casual Game/ResourcesData/Fonts/CookieRun Black Outline 40 SDF Atlas.png
  artifactKey: Guid(aa9fdc7ac23d342798922793111065d0) Importer(815301076,1909f56bfc062723c751e8b465ee728b)
Number of updated assets reloaded before import = 0
Start importing Assets/ThirdPartyAssets/GUI Kit Casual Game/ResourcesData/Fonts/CookieRun Black Outline 40 SDF Atlas.png using Guid(aa9fdc7ac23d342798922793111065d0) Importer(815301076,1909f56bfc062723c751e8b465ee728b)  -> (artifact id: 'faf5e71434712a70ca8a3fbe1d6e5ce8') in 0.053256 seconds 
Number of asset objects unloaded after import = 3
========================================================================
Received Import Request.
  Time since last request: 0.000045 seconds.
  path: Assets/ThirdPartyAssets/GUI Kit Casual Game/ResourcesData/Sprite/_Icons/ItemIcons/128/common_icon_star_red.png
  artifactKey: Guid(1d1afb69312f04f7d9e4898fbe4d6a08) Importer(815301076,1909f56bfc062723c751e8b465ee728b)
Number of updated assets reloaded before import = 0
Start importing Assets/ThirdPartyAssets/GUI Kit Casual Game/ResourcesData/Sprite/_Icons/ItemIcons/128/common_icon_star_red.png using Guid(1d1afb69312f04f7d9e4898fbe4d6a08) Importer(815301076,1909f56bfc062723c751e8b465ee728b)  -> (artifact id: 'b7491615059b3e8a74cbb6a7feab1104') in 0.043861 seconds 
Number of asset objects unloaded after import = 3
========================================================================
Received Import Request.
  Time since last request: 0.000025 seconds.
  path: Assets/ThirdPartyAssets/GUI Kit Casual Game/ResourcesData/Sprite/_Icons/ItemIcons/128/common_icon_setting.png
  artifactKey: Guid(5b5eba34e669349c5b3b4bc8a6ed7862) Importer(815301076,1909f56bfc062723c751e8b465ee728b)
Number of updated assets reloaded before import = 0
Start importing Assets/ThirdPartyAssets/GUI Kit Casual Game/ResourcesData/Sprite/_Icons/ItemIcons/128/common_icon_setting.png using Guid(5b5eba34e669349c5b3b4bc8a6ed7862) Importer(815301076,1909f56bfc062723c751e8b465ee728b)  -> (artifact id: '9b8460e3c67afda41b833b07392d73cb') in 0.044619 seconds 
Number of asset objects unloaded after import = 3
========================================================================
Received Import Request.
  Time since last request: 0.000043 seconds.
  path: Assets/ThirdPartyAssets/GUI Kit Casual Game/ResourcesData/Sprite/_Icons/ItemIcons/128/common_icon_shield.png
  artifactKey: Guid(93401e63bcdf04ee7b3deb22a3db8e84) Importer(815301076,1909f56bfc062723c751e8b465ee728b)
Number of updated assets reloaded before import = 0
Start importing Assets/ThirdPartyAssets/GUI Kit Casual Game/ResourcesData/Sprite/_Icons/ItemIcons/128/common_icon_shield.png using Guid(93401e63bcdf04ee7b3deb22a3db8e84) Importer(815301076,1909f56bfc062723c751e8b465ee728b)  -> (artifact id: '3f1bf382b0cd6db58a96c1e1f09f4a10') in 0.047533 seconds 
Number of asset objects unloaded after import = 3
========================================================================
Received Import Request.
  Time since last request: 0.000026 seconds.
  path: Assets/ThirdPartyAssets/GUI Kit Casual Game/ResourcesData/Sprite/Common/common_white_box.png
  artifactKey: Guid(75bcd0b7eff514a1b963792ac5ce380c) Importer(815301076,1909f56bfc062723c751e8b465ee728b)
Number of updated assets reloaded before import = 0
Start importing Assets/ThirdPartyAssets/GUI Kit Casual Game/ResourcesData/Sprite/Common/common_white_box.png using Guid(75bcd0b7eff514a1b963792ac5ce380c) Importer(815301076,1909f56bfc062723c751e8b465ee728b)  -> (artifact id: '73090945f850a71bc6b0743f6fe05d5f') in 0.030142 seconds 
Number of asset objects unloaded after import = 3
========================================================================
Received Import Request.
  Time since last request: 0.000031 seconds.
  path: Assets/ThirdPartyAssets/GUI Kit Casual Game/_UsedAssets/ICONS/common_icon_setting.png
  artifactKey: Guid(c55be540f9eeb48a4a02edb8f819057e) Importer(815301076,1909f56bfc062723c751e8b465ee728b)
Number of updated assets reloaded before import = 0
Start importing Assets/ThirdPartyAssets/GUI Kit Casual Game/_UsedAssets/ICONS/common_icon_setting.png using Guid(c55be540f9eeb48a4a02edb8f819057e) Importer(815301076,1909f56bfc062723c751e8b465ee728b)  -> (artifact id: '7798e02448575e1c532b18c1594e28e0') in 0.042573 seconds 
Number of asset objects unloaded after import = 3
========================================================================
Received Import Request.
  Time since last request: 0.000038 seconds.
  path: Assets/ThirdPartyAssets/GUI Kit Casual Game/ResourcesData/Fonts/CookieRun Black Outline 50 SDF Atlas.png
  artifactKey: Guid(51bda5a7ed19c4c39bbb02ae0c80c2c1) Importer(815301076,1909f56bfc062723c751e8b465ee728b)
Number of updated assets reloaded before import = 0
Start importing Assets/ThirdPartyAssets/GUI Kit Casual Game/ResourcesData/Fonts/CookieRun Black Outline 50 SDF Atlas.png using Guid(51bda5a7ed19c4c39bbb02ae0c80c2c1) Importer(815301076,1909f56bfc062723c751e8b465ee728b)  -> (artifact id: '08c2dfb6cf7059eca15cae2985a4eaca') in 0.052448 seconds 
Number of asset objects unloaded after import = 3
========================================================================
Received Import Request.
  Time since last request: 0.000023 seconds.
  path: Assets/ThirdPartyAssets/GUI Kit Casual Game/ResourcesData/Sprite/_Icons/ItemIcons/32/common_icon_target.png
  artifactKey: Guid(afd96699c96174ff8b891fa01bfdd6ec) Importer(815301076,1909f56bfc062723c751e8b465ee728b)
Number of updated assets reloaded before import = 0
Start importing Assets/ThirdPartyAssets/GUI Kit Casual Game/ResourcesData/Sprite/_Icons/ItemIcons/32/common_icon_target.png using Guid(afd96699c96174ff8b891fa01bfdd6ec) Importer(815301076,1909f56bfc062723c751e8b465ee728b)  -> (artifact id: '11f568be47ad8eab85751bd8dd3d49ee') in 0.034319 seconds 
Number of asset objects unloaded after import = 3
========================================================================
Received Import Request.
  Time since last request: 0.000020 seconds.
  path: Assets/ThirdPartyAssets/Epic Toon FX/Textures/decal_atlas.png
  artifactKey: Guid(15b6357f26ee271458084e3603b7824c) Importer(815301076,1909f56bfc062723c751e8b465ee728b)
Number of updated assets reloaded before import = 0
Start importing Assets/ThirdPartyAssets/Epic Toon FX/Textures/decal_atlas.png using Guid(15b6357f26ee271458084e3603b7824c) Importer(815301076,1909f56bfc062723c751e8b465ee728b)  -> (artifact id: '43a7e700ddc6981330be28cb59555b8e') in 0.117009 seconds 
Number of asset objects unloaded after import = 3
========================================================================
Received Import Request.
  Time since last request: 0.000024 seconds.
  path: Assets/ThirdPartyAssets/GUI Kit Casual Game/ResourcesData/Sprite/Demo/Demo_UI/StatusBarIcon_Energy.png
  artifactKey: Guid(46f1215d9e2244748b4a36ad8fdb63d5) Importer(815301076,1909f56bfc062723c751e8b465ee728b)
Number of updated assets reloaded before import = 0
Start importing Assets/ThirdPartyAssets/GUI Kit Casual Game/ResourcesData/Sprite/Demo/Demo_UI/StatusBarIcon_Energy.png using Guid(46f1215d9e2244748b4a36ad8fdb63d5) Importer(815301076,1909f56bfc062723c751e8b465ee728b)  -> (artifact id: '6a3de92b69fc279c312ac5babc9a5dbb') in 0.034172 seconds 
Number of asset objects unloaded after import = 3
========================================================================
Received Import Request.
  Time since last request: 0.000036 seconds.
  path: Assets/ThirdPartyAssets/GUI Kit Casual Game/ResourcesData/Sprite/Demo/Demo_UI/StatusBarFrame_White.png
  artifactKey: Guid(ae697ca3d8f348d468448b4bbf77a720) Importer(815301076,1909f56bfc062723c751e8b465ee728b)
Number of updated assets reloaded before import = 0
Start importing Assets/ThirdPartyAssets/GUI Kit Casual Game/ResourcesData/Sprite/Demo/Demo_UI/StatusBarFrame_White.png using Guid(ae697ca3d8f348d468448b4bbf77a720) Importer(815301076,1909f56bfc062723c751e8b465ee728b)  -> (artifact id: 'd930c829387c91019de9f6afe897ea9e') in 0.035595 seconds 
Number of asset objects unloaded after import = 3
========================================================================
Received Import Request.
  Time since last request: 0.000026 seconds.
  path: Assets/ThirdPartyAssets/GUI Kit Casual Game/_UsedAssets/ICONS/common_icon_ranking.png
  artifactKey: Guid(55bfdfd65eaaf46e7849512f16c80905) Importer(815301076,1909f56bfc062723c751e8b465ee728b)
Number of updated assets reloaded before import = 0
Start importing Assets/ThirdPartyAssets/GUI Kit Casual Game/_UsedAssets/ICONS/common_icon_ranking.png using Guid(55bfdfd65eaaf46e7849512f16c80905) Importer(815301076,1909f56bfc062723c751e8b465ee728b)  -> (artifact id: 'eea48d83155e20c157b643f934d309b0') in 0.040699 seconds 
Number of asset objects unloaded after import = 3
========================================================================
Received Import Request.
  Time since last request: 0.000037 seconds.
  path: Assets/ThirdPartyAssets/GUI Kit Casual Game/ResourcesData/Sprite/_Icons/ItemIcons/32/common_icon_shop.png
  artifactKey: Guid(75f23fdfe741c408b8090af6b98ed277) Importer(815301076,1909f56bfc062723c751e8b465ee728b)
Number of updated assets reloaded before import = 0
Start importing Assets/ThirdPartyAssets/GUI Kit Casual Game/ResourcesData/Sprite/_Icons/ItemIcons/32/common_icon_shop.png using Guid(75f23fdfe741c408b8090af6b98ed277) Importer(815301076,1909f56bfc062723c751e8b465ee728b)  -> (artifact id: '8dbd538ed3612772fe2098e9c2f68e2c') in 0.042477 seconds 
Number of asset objects unloaded after import = 3
========================================================================
Received Import Request.
  Time since last request: 0.000028 seconds.
  path: Assets/ThirdPartyAssets/GUI Kit Casual Game/ResourcesData/Sprite/_Icons/ItemIcons/64/common_icon_shield.png
  artifactKey: Guid(5d0107cb198af48248290e2ee6f4c3d9) Importer(815301076,1909f56bfc062723c751e8b465ee728b)
Number of updated assets reloaded before import = 0
Start importing Assets/ThirdPartyAssets/GUI Kit Casual Game/ResourcesData/Sprite/_Icons/ItemIcons/64/common_icon_shield.png using Guid(5d0107cb198af48248290e2ee6f4c3d9) Importer(815301076,1909f56bfc062723c751e8b465ee728b)  -> (artifact id: '1bd9029546bcabd2cd10ef06b04265ca') in 0.039270 seconds 
Number of asset objects unloaded after import = 3
========================================================================
Received Import Request.
  Time since last request: 0.000066 seconds.
  path: Assets/ThirdPartyAssets/GUI Kit Casual Game/ResourcesData/Sprite/_Icons/ItemIcons/64/common_icon_star.png
  artifactKey: Guid(4d7d2ae2304ff4c3ab80605ee6431788) Importer(815301076,1909f56bfc062723c751e8b465ee728b)
Number of updated assets reloaded before import = 0
Start importing Assets/ThirdPartyAssets/GUI Kit Casual Game/ResourcesData/Sprite/_Icons/ItemIcons/64/common_icon_star.png using Guid(4d7d2ae2304ff4c3ab80605ee6431788) Importer(815301076,1909f56bfc062723c751e8b465ee728b)  -> (artifact id: 'f029b5b558a232c01b85ba49ba7c0a23') in 0.035232 seconds 
Number of asset objects unloaded after import = 3
========================================================================
Received Import Request.
  Time since last request: 0.000034 seconds.
  path: Assets/ThirdPartyAssets/GUI Kit Casual Game/ResourcesData/Sprite/_Icons/ItemIcons/256/common_icon_target.png
  artifactKey: Guid(0d985ffdccc2e4a5c971f7007d7c47af) Importer(815301076,1909f56bfc062723c751e8b465ee728b)
Number of updated assets reloaded before import = 0
Start importing Assets/ThirdPartyAssets/GUI Kit Casual Game/ResourcesData/Sprite/_Icons/ItemIcons/256/common_icon_target.png using Guid(0d985ffdccc2e4a5c971f7007d7c47af) Importer(815301076,1909f56bfc062723c751e8b465ee728b)  -> (artifact id: '4f7a3d151e5247ba7108b898762d5119') in 0.034060 seconds 
Number of asset objects unloaded after import = 3
========================================================================
Received Import Request.
  Time since last request: 0.000025 seconds.
  path: Assets/ThirdPartyAssets/GUI Kit Casual Game/ResourcesData/Sprite/_Icons/ItemIcons/backup/256/common_icon_shell.png
  artifactKey: Guid(5986eca642f324919abc645b80e48b68) Importer(815301076,1909f56bfc062723c751e8b465ee728b)
Number of updated assets reloaded before import = 0
Start importing Assets/ThirdPartyAssets/GUI Kit Casual Game/ResourcesData/Sprite/_Icons/ItemIcons/backup/256/common_icon_shell.png using Guid(5986eca642f324919abc645b80e48b68) Importer(815301076,1909f56bfc062723c751e8b465ee728b)  -> (artifact id: '0c2898b08b20467415983e4e592b7e3b') in 0.032151 seconds 
Number of asset objects unloaded after import = 3
========================================================================
Received Import Request.
  Time since last request: 0.000026 seconds.
  path: Assets/ThirdPartyAssets/GUI Kit Casual Game/ResourcesData/Sprite/_Icons/ItemIcons/backup/32/common_icon_shell.png
  artifactKey: Guid(bfc7d25a337744891910725267873579) Importer(815301076,1909f56bfc062723c751e8b465ee728b)
Number of updated assets reloaded before import = 0
Start importing Assets/ThirdPartyAssets/GUI Kit Casual Game/ResourcesData/Sprite/_Icons/ItemIcons/backup/32/common_icon_shell.png using Guid(bfc7d25a337744891910725267873579) Importer(815301076,1909f56bfc062723c751e8b465ee728b)  -> (artifact id: '316f6071ee5d373ca533657299687ea4') in 0.027910 seconds 
Number of asset objects unloaded after import = 3
========================================================================
Received Import Request.
  Time since last request: 0.000023 seconds.
  path: Assets/ThirdPartyAssets/GUI Kit Casual Game/_UsedAssets/MainMenu/Settings/switch_on.png
  artifactKey: Guid(c426b035919094016adb99e1349aa315) Importer(815301076,1909f56bfc062723c751e8b465ee728b)
Number of updated assets reloaded before import = 0
Start importing Assets/ThirdPartyAssets/GUI Kit Casual Game/_UsedAssets/MainMenu/Settings/switch_on.png using Guid(c426b035919094016adb99e1349aa315) Importer(815301076,1909f56bfc062723c751e8b465ee728b)  -> (artifact id: 'a4e7aef130874db2927f6a0fd7e2517a') in 0.032896 seconds 
Number of asset objects unloaded after import = 3
========================================================================
Received Import Request.
  Time since last request: 0.000023 seconds.
  path: Assets/ThirdPartyAssets/GUI Kit Casual Game/ResourcesData/Sprite/_Icons/ItemIcons/128/common_icon_star.png
  artifactKey: Guid(4286bad3d1499412fafb2ef50bba01c1) Importer(815301076,1909f56bfc062723c751e8b465ee728b)
Number of updated assets reloaded before import = 0
Start importing Assets/ThirdPartyAssets/GUI Kit Casual Game/ResourcesData/Sprite/_Icons/ItemIcons/128/common_icon_star.png using Guid(4286bad3d1499412fafb2ef50bba01c1) Importer(815301076,1909f56bfc062723c751e8b465ee728b)  -> (artifact id: '512011aea1dcd113f22bcf14d35718cf') in 0.032779 seconds 
Number of asset objects unloaded after import = 3
========================================================================
Received Import Request.
  Time since last request: 0.000020 seconds.
  path: Assets/ThirdPartyAssets/GUI Kit Casual Game/ResourcesData/Sprite/Demo/Demo_UI/User_Player1_Frame1.png
  artifactKey: Guid(c5ea5a4fc4aaca74a87fafd6808534d8) Importer(815301076,1909f56bfc062723c751e8b465ee728b)
Number of updated assets reloaded before import = 0
Start importing Assets/ThirdPartyAssets/GUI Kit Casual Game/ResourcesData/Sprite/Demo/Demo_UI/User_Player1_Frame1.png using Guid(c5ea5a4fc4aaca74a87fafd6808534d8) Importer(815301076,1909f56bfc062723c751e8b465ee728b)  -> (artifact id: '31d9535f3a010ae9072e1be04db5ed51') in 0.034022 seconds 
Number of asset objects unloaded after import = 3
========================================================================
Received Import Request.
  Time since last request: 0.000042 seconds.
  path: Assets/ThirdPartyAssets/GUI Kit Casual Game/ResourcesData/Sprite/_Icons/ItemIcons/32/common_icon_tooth.png
  artifactKey: Guid(6aa4d948f29814b1b99728b40809ee79) Importer(815301076,1909f56bfc062723c751e8b465ee728b)
Number of updated assets reloaded before import = 0
Start importing Assets/ThirdPartyAssets/GUI Kit Casual Game/ResourcesData/Sprite/_Icons/ItemIcons/32/common_icon_tooth.png using Guid(6aa4d948f29814b1b99728b40809ee79) Importer(815301076,1909f56bfc062723c751e8b465ee728b)  -> (artifact id: '0b7bc79606a7aff17eb5a104920dc53c') in 0.037434 seconds 
Number of asset objects unloaded after import = 3
========================================================================
Received Import Request.
  Time since last request: 0.000024 seconds.
  path: Assets/ThirdPartyAssets/GUI Kit Casual Game/ResourcesData/Sprite/_Icons/ItemIcons/512/common_icon_quest.png
  artifactKey: Guid(0d3c5122f465a404180cec7c26b677b9) Importer(815301076,1909f56bfc062723c751e8b465ee728b)
Number of updated assets reloaded before import = 0
Start importing Assets/ThirdPartyAssets/GUI Kit Casual Game/ResourcesData/Sprite/_Icons/ItemIcons/512/common_icon_quest.png using Guid(0d3c5122f465a404180cec7c26b677b9) Importer(815301076,1909f56bfc062723c751e8b465ee728b)  -> (artifact id: '462452355bee9e1b2a927380a9e83a97') in 0.053099 seconds 
Number of asset objects unloaded after import = 3
========================================================================
Received Import Request.
  Time since last request: 0.000021 seconds.
  path: Assets/ThirdPartyAssets/GUI Kit Casual Game/ResourcesData/Sprite/Equipment_Inventory/equipicon_sample_bomb.png
  artifactKey: Guid(e999f11042cd241a38ff7e27c7803480) Importer(815301076,1909f56bfc062723c751e8b465ee728b)
Number of updated assets reloaded before import = 0
Start importing Assets/ThirdPartyAssets/GUI Kit Casual Game/ResourcesData/Sprite/Equipment_Inventory/equipicon_sample_bomb.png using Guid(e999f11042cd241a38ff7e27c7803480) Importer(815301076,1909f56bfc062723c751e8b465ee728b)  -> (artifact id: '44e97161f5529eceeec940d2da1e30a1') in 0.037701 seconds 
Number of asset objects unloaded after import = 3
========================================================================
Received Import Request.
  Time since last request: 0.000023 seconds.
  path: Assets/ThirdPartyAssets/GUI Kit Casual Game/ResourcesData/Sprite/Demo/Demo_UI/Toggle_Switch_Off_Handle.png
  artifactKey: Guid(78fcf8634f353344b861dd21db50f791) Importer(815301076,1909f56bfc062723c751e8b465ee728b)
Number of updated assets reloaded before import = 0
Start importing Assets/ThirdPartyAssets/GUI Kit Casual Game/ResourcesData/Sprite/Demo/Demo_UI/Toggle_Switch_Off_Handle.png using Guid(78fcf8634f353344b861dd21db50f791) Importer(815301076,1909f56bfc062723c751e8b465ee728b)  -> (artifact id: 'afbf6aa8a176bda1ac4f04e15d07408c') in 0.038042 seconds 
Number of asset objects unloaded after import = 3
========================================================================
Received Import Request.
  Time since last request: 0.000034 seconds.
  path: Assets/ThirdPartyAssets/GUI Kit Casual Game/ResourcesData/Sprite/_Icons/ItemIcons/64/common_icon_shell.png
  artifactKey: Guid(b016b4784e7e746de9341bf6469ee5a3) Importer(815301076,1909f56bfc062723c751e8b465ee728b)
Number of updated assets reloaded before import = 0
Start importing Assets/ThirdPartyAssets/GUI Kit Casual Game/ResourcesData/Sprite/_Icons/ItemIcons/64/common_icon_shell.png using Guid(b016b4784e7e746de9341bf6469ee5a3) Importer(815301076,1909f56bfc062723c751e8b465ee728b)  -> (artifact id: '5790b831d778268f02cd015e57599efe') in 0.037341 seconds 
Number of asset objects unloaded after import = 3
========================================================================
Received Import Request.
  Time since last request: 0.000050 seconds.
  path: Assets/ThirdPartyAssets/GUI Kit Casual Game/ResourcesData/Sprite/_Icons/ItemIcons/32/common_icon_star_red.png
  artifactKey: Guid(9cc29f6cbebd9456b85ef464792a7de7) Importer(815301076,1909f56bfc062723c751e8b465ee728b)
Number of updated assets reloaded before import = 0
Start importing Assets/ThirdPartyAssets/GUI Kit Casual Game/ResourcesData/Sprite/_Icons/ItemIcons/32/common_icon_star_red.png using Guid(9cc29f6cbebd9456b85ef464792a7de7) Importer(815301076,1909f56bfc062723c751e8b465ee728b)  -> (artifact id: 'a45c5f64f496675b79d762b8f9afccd1') in 0.037693 seconds 
Number of asset objects unloaded after import = 3
========================================================================
Received Import Request.
  Time since last request: 0.000023 seconds.
  path: Assets/ThirdPartyAssets/Epic Toon FX/Textures/decal_gibs.png
  artifactKey: Guid(eb61ee1b78fda2f40b23b2463f6f1436) Importer(815301076,1909f56bfc062723c751e8b465ee728b)
Number of updated assets reloaded before import = 0
Start importing Assets/ThirdPartyAssets/Epic Toon FX/Textures/decal_gibs.png using Guid(eb61ee1b78fda2f40b23b2463f6f1436) Importer(815301076,1909f56bfc062723c751e8b465ee728b)  -> (artifact id: '419ec5bb0a979da3a129b652bf5229ae') in 0.104525 seconds 
Number of asset objects unloaded after import = 3
========================================================================
Received Import Request.
  Time since last request: 0.000028 seconds.
  path: Assets/ThirdPartyAssets/GUI Kit Casual Game/ResourcesData/Sprite/_Icons/ItemIcons/256/common_icon_sword.png
  artifactKey: Guid(2514ee746d3304d51b8ac40110537044) Importer(815301076,1909f56bfc062723c751e8b465ee728b)
Number of updated assets reloaded before import = 0
Start importing Assets/ThirdPartyAssets/GUI Kit Casual Game/ResourcesData/Sprite/_Icons/ItemIcons/256/common_icon_sword.png using Guid(2514ee746d3304d51b8ac40110537044) Importer(815301076,1909f56bfc062723c751e8b465ee728b)  -> (artifact id: 'f660161f9295cf6a955e52336f1c7fb7') in 0.039433 seconds 
Number of asset objects unloaded after import = 3
========================================================================
Received Import Request.
  Time since last request: 0.000028 seconds.
  path: Assets/ThirdPartyAssets/GUI Kit Casual Game/ResourcesData/Sprite/Common/common_tab_focus.png
  artifactKey: Guid(9f6ca5b28b1e34e2d8d7e51015e1a6f9) Importer(815301076,1909f56bfc062723c751e8b465ee728b)
Number of updated assets reloaded before import = 0
Start importing Assets/ThirdPartyAssets/GUI Kit Casual Game/ResourcesData/Sprite/Common/common_tab_focus.png using Guid(9f6ca5b28b1e34e2d8d7e51015e1a6f9) Importer(815301076,1909f56bfc062723c751e8b465ee728b)  -> (artifact id: '41c5a04716b54107d26c0ad35e430cd5') in 0.031928 seconds 
Number of asset objects unloaded after import = 3
========================================================================
Received Import Request.
  Time since last request: 0.000031 seconds.
  path: Assets/ThirdPartyAssets/GUI Kit Casual Game/ResourcesData/Fonts/CookieRun Black Outline 64 SDF Atlas.png
  artifactKey: Guid(542168a59ebb940cc91d3c3ec1325445) Importer(815301076,1909f56bfc062723c751e8b465ee728b)
Number of updated assets reloaded before import = 0
Start importing Assets/ThirdPartyAssets/GUI Kit Casual Game/ResourcesData/Fonts/CookieRun Black Outline 64 SDF Atlas.png using Guid(542168a59ebb940cc91d3c3ec1325445) Importer(815301076,1909f56bfc062723c751e8b465ee728b)  -> (artifact id: '2abcc49ef8a3568e9eb9ffda3206da33') in 0.068749 seconds 
Number of asset objects unloaded after import = 3
========================================================================
Received Import Request.
  Time since last request: 0.000020 seconds.
  path: Assets/ThirdPartyAssets/GUI Kit Casual Game/ResourcesData/Fonts/CookieRun Black Outline 210 SDF Atlas.png
  artifactKey: Guid(344ece39f87ef42eda903eba1635395a) Importer(815301076,1909f56bfc062723c751e8b465ee728b)
Number of updated assets reloaded before import = 0
Start importing Assets/ThirdPartyAssets/GUI Kit Casual Game/ResourcesData/Fonts/CookieRun Black Outline 210 SDF Atlas.png using Guid(344ece39f87ef42eda903eba1635395a) Importer(815301076,1909f56bfc062723c751e8b465ee728b)  -> (artifact id: '3ebfcb6710a2198d658d790732c8f556') in 0.285509 seconds 
Number of asset objects unloaded after import = 3
========================================================================
Received Import Request.
  Time since last request: 0.000023 seconds.
  path: Assets/ThirdPartyAssets/GUI Kit Casual Game/ResourcesData/Sprite/_Icons/ItemIcons/64/common_icon_shop.png
  artifactKey: Guid(639a69fa79aac44ed99b80f1cd3fd473) Importer(815301076,1909f56bfc062723c751e8b465ee728b)
Number of updated assets reloaded before import = 0
Start importing Assets/ThirdPartyAssets/GUI Kit Casual Game/ResourcesData/Sprite/_Icons/ItemIcons/64/common_icon_shop.png using Guid(639a69fa79aac44ed99b80f1cd3fd473) Importer(815301076,1909f56bfc062723c751e8b465ee728b)  -> (artifact id: 'deb9e1e9e44cb748e3e8ad2303f63a9a') in 0.031689 seconds 
Number of asset objects unloaded after import = 3
========================================================================
Received Import Request.
  Time since last request: 0.000028 seconds.
  path: Assets/ThirdPartyAssets/GUI Kit Casual Game/ResourcesData/Sprite/_Icons/ItemIcons/128/common_icon_tooth.png
  artifactKey: Guid(554c7aed2b3464782b56558ac435c9f3) Importer(815301076,1909f56bfc062723c751e8b465ee728b)
Number of updated assets reloaded before import = 0
Start importing Assets/ThirdPartyAssets/GUI Kit Casual Game/ResourcesData/Sprite/_Icons/ItemIcons/128/common_icon_tooth.png using Guid(554c7aed2b3464782b56558ac435c9f3) Importer(815301076,1909f56bfc062723c751e8b465ee728b)  -> (artifact id: 'f7f41c37bdfb24b9c76957dc521a89fe') in 0.039035 seconds 
Number of asset objects unloaded after import = 3
========================================================================
Received Import Request.
  Time since last request: 0.000027 seconds.
  path: Assets/ThirdPartyAssets/GUI Kit Casual Game/ResourcesData/Sprite/_Icons/ItemIcons/32/common_icon_stopwatch.png
  artifactKey: Guid(41ec57a092a8f4f168f85716c21af518) Importer(815301076,1909f56bfc062723c751e8b465ee728b)
Number of updated assets reloaded before import = 0
Start importing Assets/ThirdPartyAssets/GUI Kit Casual Game/ResourcesData/Sprite/_Icons/ItemIcons/32/common_icon_stopwatch.png using Guid(41ec57a092a8f4f168f85716c21af518) Importer(815301076,1909f56bfc062723c751e8b465ee728b)  -> (artifact id: 'c1542334b5b1dc894269964401498b64') in 0.039940 seconds 
Number of asset objects unloaded after import = 3
========================================================================
Received Import Request.
  Time since last request: 0.000016 seconds.
  path: Assets/ThirdPartyAssets/GUI Kit Casual Game/ResourcesData/Sprite/Equipment_Inventory/equipicon_sample_crown.png
  artifactKey: Guid(1f48f8eacbc5e43ceb95230303719f22) Importer(815301076,1909f56bfc062723c751e8b465ee728b)
Number of updated assets reloaded before import = 0
Start importing Assets/ThirdPartyAssets/GUI Kit Casual Game/ResourcesData/Sprite/Equipment_Inventory/equipicon_sample_crown.png using Guid(1f48f8eacbc5e43ceb95230303719f22) Importer(815301076,1909f56bfc062723c751e8b465ee728b)  -> (artifact id: '5f9ec3f68896a1086babcf6f8bfae884') in 0.033000 seconds 
Number of asset objects unloaded after import = 3
Editor requested this worker to shutdown with reason: Scaling down because of idle timeout
AssetImportWorker is now disconnected from the server
Process exiting
Exiting without the bug reporter. Application will terminate with return code 0