Using pre-set license
Built from '2021.3/staging' branch; Version is '2021.3.33f1 (ee5a2aa03ab2) revision 15620650'; Using compiler version '192829333'; Build Type 'Release'
OS: 'Windows 10  (10.0.19045) 64bit Professional' Language: 'tr' Physical Memory: 16333 MB
BatchMode: 1, IsHumanControllingUs: 0, StartBugReporterOnCrash: 0, Is64bit: 1, IsPro: 1

COMMAND LINE ARGUMENTS:
C:\Program Files\Unity\Hub\Editor\2021.3.33f1\Editor\Unity.exe
-adb2
-batchMode
-noUpm
-name
AssetImportWorker0
-projectPath
C:/Users/erenn/Documents/GitHub/RoadChange/DefaultBase
-logFile
Logs/AssetImportWorker0.log
-srvPort
56762
Successfully changed project path to: C:/Users/erenn/Documents/GitHub/RoadChange/DefaultBase
C:/Users/erenn/Documents/GitHub/RoadChange/DefaultBase
[UnityMemory] Configuration Parameters - Can be set up in boot.config
    "memorysetup-bucket-allocator-granularity=16"
    "memorysetup-bucket-allocator-bucket-count=8"
    "memorysetup-bucket-allocator-block-size=33554432"
    "memorysetup-bucket-allocator-block-count=8"
    "memorysetup-main-allocator-block-size=16777216"
    "memorysetup-thread-allocator-block-size=16777216"
    "memorysetup-gfx-main-allocator-block-size=16777216"
    "memorysetup-gfx-thread-allocator-block-size=16777216"
    "memorysetup-cache-allocator-block-size=4194304"
    "memorysetup-typetree-allocator-block-size=2097152"
    "memorysetup-profiler-bucket-allocator-granularity=16"
    "memorysetup-profiler-bucket-allocator-bucket-count=8"
    "memorysetup-profiler-bucket-allocator-block-size=33554432"
    "memorysetup-profiler-bucket-allocator-block-count=8"
    "memorysetup-profiler-allocator-block-size=16777216"
    "memorysetup-profiler-editor-allocator-block-size=1048576"
    "memorysetup-temp-allocator-size-main=16777216"
    "memorysetup-job-temp-allocator-block-size=2097152"
    "memorysetup-job-temp-allocator-block-size-background=1048576"
    "memorysetup-job-temp-allocator-reduction-small-platforms=262144"
    "memorysetup-temp-allocator-size-background-worker=32768"
    "memorysetup-temp-allocator-size-job-worker=262144"
    "memorysetup-temp-allocator-size-preload-manager=33554432"
    "memorysetup-temp-allocator-size-nav-mesh-worker=65536"
    "memorysetup-temp-allocator-size-audio-worker=65536"
    "memorysetup-temp-allocator-size-cloud-worker=32768"
    "memorysetup-temp-allocator-size-gi-baking-worker=262144"
    "memorysetup-temp-allocator-size-gfx=262144"
Player connection [9516] Host "[IP] 192.168.0.16 [Port] 0 [Flags] 2 [Guid] 3006713060 [EditorId] 3006713060 [Version] 1048832 [Id] WindowsEditor(7,Eren) [Debug] 1 [PackageName] WindowsEditor [ProjectName] Editor" joined multi-casting on [225.0.0.222:54997]...

Player connection [9516] Host "[IP] 192.168.0.16 [Port] 0 [Flags] 2 [Guid] 3006713060 [EditorId] 3006713060 [Version] 1048832 [Id] WindowsEditor(7,Eren) [Debug] 1 [PackageName] WindowsEditor [ProjectName] Editor" joined alternative multi-casting on [225.0.0.222:34997]...

[Physics::Module] Initialized MultithreadedJobDispatcher with {0} workers.
Refreshing native plugins compatible for Editor in 265.28 ms, found 4 plugins.
Preloading 0 native plugins for Editor in 0.00 ms.
Initialize engine version: 2021.3.33f1 (ee5a2aa03ab2)
[Subsystems] Discovering subsystems at path C:/Program Files/Unity/Hub/Editor/2021.3.33f1/Editor/Data/Resources/UnitySubsystems
[Subsystems] Discovering subsystems at path C:/Users/erenn/Documents/GitHub/RoadChange/DefaultBase/Assets
GfxDevice: creating device client; threaded=0; jobified=0
Direct3D:
    Version:  Direct3D 11.0 [level 11.1]
    Renderer: NVIDIA GeForce RTX 2060 (ID=0x1f08)
    Vendor:   NVIDIA
    VRAM:     5969 MB
    Driver:   31.0.15.4633
Initialize mono
Mono path[0] = 'C:/Program Files/Unity/Hub/Editor/2021.3.33f1/Editor/Data/Managed'
Mono path[1] = 'C:/Program Files/Unity/Hub/Editor/2021.3.33f1/Editor/Data/MonoBleedingEdge/lib/mono/unityjit-win32'
Mono config path = 'C:/Program Files/Unity/Hub/Editor/2021.3.33f1/Editor/Data/MonoBleedingEdge/etc'
Using monoOptions --debugger-agent=transport=dt_socket,embedding=1,server=y,suspend=n,address=127.0.0.1:56360
Begin MonoManager ReloadAssembly
Registering precompiled unity dll's ...
Register platform support module: C:/Program Files/Unity/Hub/Editor/2021.3.33f1/Editor/Data/PlaybackEngines/AndroidPlayer/UnityEditor.Android.Extensions.dll
Register platform support module: C:/Program Files/Unity/Hub/Editor/2021.3.33f1/Editor/Data/PlaybackEngines/WindowsStandaloneSupport/UnityEditor.WindowsStandalone.Extensions.dll
Registered in 0.295512 seconds.
Native extension for WindowsStandalone target not found
Native extension for Android target not found
Android Extension - Scanning For ADB Devices 506 ms
Refreshing native plugins compatible for Editor in 158.79 ms, found 4 plugins.
Preloading 0 native plugins for Editor in 0.00 ms.
Mono: successfully reloaded assembly
- Completed reload, in  7.445 seconds
Domain Reload Profiling:
	ReloadAssembly (7446ms)
		BeginReloadAssembly (4655ms)
			ExecutionOrderSort (0ms)
			DisableScriptedObjects (0ms)
			BackupInstance (0ms)
			ReleaseScriptingObjects (0ms)
			CreateAndSetChildDomain (1ms)
		EndReloadAssembly (2089ms)
			LoadAssemblies (4651ms)
			RebuildTransferFunctionScriptingTraits (0ms)
			SetupTypeCache (1017ms)
			ReleaseScriptCaches (0ms)
			RebuildScriptCaches (37ms)
			SetupLoadedEditorAssemblies (974ms)
				LogAssemblyErrors (0ms)
				InitializePlatformSupportModulesInManaged (620ms)
				SetLoadedEditorAssemblies (0ms)
				RefreshPlugins (159ms)
				BeforeProcessingInitializeOnLoad (2ms)
				ProcessInitializeOnLoadAttributes (129ms)
				ProcessInitializeOnLoadMethodAttributes (63ms)
				AfterProcessingInitializeOnLoad (0ms)
				EditorAssembliesLoaded (0ms)
			ExecutionOrderSort2 (0ms)
			AwakeInstancesAfterBackupRestoration (0ms)
Platform modules already initialized, skipping
Registering precompiled user dll's ...
Registered in 0.012061 seconds.
Begin MonoManager ReloadAssembly
Native extension for WindowsStandalone target not found
Native extension for Android target not found
Refreshing native plugins compatible for Editor in 154.34 ms, found 4 plugins.
Preloading 0 native plugins for Editor in 0.00 ms.
Package Manager log level set to [2]
[Package Manager] Server::EnsureServerProcessIsRunning -- launch failed, reason: Unity was launched with the -noUpm command-line argument
[Package Manager] Cannot connect to Unity Package Manager local server
Mono: successfully reloaded assembly
- Completed reload, in 16.220 seconds
Domain Reload Profiling:
	ReloadAssembly (16221ms)
		BeginReloadAssembly (186ms)
			ExecutionOrderSort (0ms)
			DisableScriptedObjects (8ms)
			BackupInstance (0ms)
			ReleaseScriptingObjects (0ms)
			CreateAndSetChildDomain (29ms)
		EndReloadAssembly (15659ms)
			LoadAssemblies (12005ms)
			RebuildTransferFunctionScriptingTraits (0ms)
			SetupTypeCache (1692ms)
			ReleaseScriptCaches (1ms)
			RebuildScriptCaches (91ms)
			SetupLoadedEditorAssemblies (1845ms)
				LogAssemblyErrors (0ms)
				InitializePlatformSupportModulesInManaged (28ms)
				SetLoadedEditorAssemblies (0ms)
				RefreshPlugins (154ms)
				BeforeProcessingInitializeOnLoad (137ms)
				ProcessInitializeOnLoadAttributes (1410ms)
				ProcessInitializeOnLoadMethodAttributes (102ms)
				AfterProcessingInitializeOnLoad (14ms)
				EditorAssembliesLoaded (0ms)
			ExecutionOrderSort2 (0ms)
			AwakeInstancesAfterBackupRestoration (8ms)
Platform modules already initialized, skipping
========================================================================
Worker process is ready to serve import requests
Launched and connected shader compiler UnityShaderCompiler.exe after 3.62 seconds
Refreshing native plugins compatible for Editor in 1.54 ms, found 4 plugins.
Preloading 0 native plugins for Editor in 0.00 ms.
Unloading 3866 Unused Serialized files (Serialized files now loaded: 0)
Unloading 34 unused Assets / (399.3 KB). Loaded Objects now: 4365.
Memory consumption went from 279.9 MB to 279.5 MB.
Total: 3.700600 ms (FindLiveObjects: 0.383000 ms CreateObjectMapping: 0.104000 ms MarkObjects: 2.986000 ms  DeleteObjects: 0.226300 ms)

AssetImportParameters requested are different than current active one (requested -> active):
  custom:video-decoder-ogg-theora: a1e56fd34408186e4bbccfd4996cb3dc -> 
  custom:container-muxer-webm: aa71ff27fc2769a1b78a27578f13a17b -> 
  custom:container-demuxer-webm: 4f35f7cbe854078d1ac9338744f61a02 -> 
  custom:video-encoder-webm-vp8: eb34c28f22e8b96e1ab97ce403110664 -> 
  custom:CustomObjectIndexerAttribute: 6b0e35c9178b02a6363f3721b7b8e397 -> 
  custom:audio-encoder-webm-vorbis: bf7c407c2cedff20999df2af8eb42d56 -> 
  custom:framework-win-MediaFoundation: 216162199b28c13a410421893ffa2e32 -> 
  custom:SearchIndexIgnoredProperties: e643bd26f0fe6173181afceb89e7c659 -> 
  custom:container-demuxer-ogg: 62fdf1f143b41e24485cea50d1cbac27 -> 
  custom:video-decoder-webm-vp8: 9c59270c3fd7afecdb556c50c9e8de78 -> 
  custom:audio-decoder-ogg-vorbis: bf7c407c2cedff20999df2af8eb42d56 -> 
========================================================================
Received Prepare
Registering precompiled user dll's ...
Registered in 0.012519 seconds.
Begin MonoManager ReloadAssembly
Native extension for WindowsStandalone target not found
Native extension for Android target not found
Refreshing native plugins compatible for Editor in 1.96 ms, found 4 plugins.
Preloading 0 native plugins for Editor in 0.00 ms.
[Package Manager] Server::EnsureServerProcessIsRunning -- launch failed, reason: Unity was launched with the -noUpm command-line argument
[Package Manager] Cannot connect to Unity Package Manager local server
Mono: successfully reloaded assembly
- Completed reload, in  1.988 seconds
Domain Reload Profiling:
	ReloadAssembly (1989ms)
		BeginReloadAssembly (285ms)
			ExecutionOrderSort (0ms)
			DisableScriptedObjects (12ms)
			BackupInstance (0ms)
			ReleaseScriptingObjects (0ms)
			CreateAndSetChildDomain (69ms)
		EndReloadAssembly (1562ms)
			LoadAssemblies (171ms)
			RebuildTransferFunctionScriptingTraits (0ms)
			SetupTypeCache (304ms)
			ReleaseScriptCaches (2ms)
			RebuildScriptCaches (80ms)
			SetupLoadedEditorAssemblies (996ms)
				LogAssemblyErrors (0ms)
				InitializePlatformSupportModulesInManaged (29ms)
				SetLoadedEditorAssemblies (1ms)
				RefreshPlugins (2ms)
				BeforeProcessingInitializeOnLoad (106ms)
				ProcessInitializeOnLoadAttributes (740ms)
				ProcessInitializeOnLoadMethodAttributes (104ms)
				AfterProcessingInitializeOnLoad (14ms)
				EditorAssembliesLoaded (0ms)
			ExecutionOrderSort2 (0ms)
			AwakeInstancesAfterBackupRestoration (10ms)
Platform modules already initialized, skipping
Refreshing native plugins compatible for Editor in 2.63 ms, found 4 plugins.
Preloading 0 native plugins for Editor in 0.00 ms.
Unloading 3689 Unused Serialized files (Serialized files now loaded: 0)
Unloading 29 unused Assets / (374.3 KB). Loaded Objects now: 4370.
Memory consumption went from 263.5 MB to 263.1 MB.
Total: 3.928700 ms (FindLiveObjects: 0.385200 ms CreateObjectMapping: 0.119500 ms MarkObjects: 3.206900 ms  DeleteObjects: 0.215500 ms)

AssetImportParameters requested are different than current active one (requested -> active):
  custom:video-decoder-ogg-theora: a1e56fd34408186e4bbccfd4996cb3dc -> 
  custom:container-muxer-webm: aa71ff27fc2769a1b78a27578f13a17b -> 
  custom:container-demuxer-webm: 4f35f7cbe854078d1ac9338744f61a02 -> 
  custom:video-encoder-webm-vp8: eb34c28f22e8b96e1ab97ce403110664 -> 
  custom:CustomObjectIndexerAttribute: 6b0e35c9178b02a6363f3721b7b8e397 -> 
  custom:audio-encoder-webm-vorbis: bf7c407c2cedff20999df2af8eb42d56 -> 
  custom:framework-win-MediaFoundation: 216162199b28c13a410421893ffa2e32 -> 
  custom:SearchIndexIgnoredProperties: e643bd26f0fe6173181afceb89e7c659 -> 
  custom:container-demuxer-ogg: 62fdf1f143b41e24485cea50d1cbac27 -> 
  custom:video-decoder-webm-vp8: 9c59270c3fd7afecdb556c50c9e8de78 -> 
  custom:audio-decoder-ogg-vorbis: bf7c407c2cedff20999df2af8eb42d56 -> 
========================================================================
Received Import Request.
  Time since last request: 160270.353718 seconds.
  path: Assets/GUI PRO Kit - Casual Game
  artifactKey: Guid(fe8a5872f6f109c46bd2695db6d58b4f) Importer(815301076,1909f56bfc062723c751e8b465ee728b)
Number of updated assets reloaded before import = 0
Start importing Assets/GUI PRO Kit - Casual Game using Guid(fe8a5872f6f109c46bd2695db6d58b4f) Importer(815301076,1909f56bfc062723c751e8b465ee728b)  -> (artifact id: '607a53557adf710051d47a45f3725919') in 0.024701 seconds 
Number of asset objects unloaded after import = 0
========================================================================
Received Import Request.
  Time since last request: 1.086278 seconds.
  path: Assets/GUI PRO Kit - Casual Game/+Document README+/Casual Game - Manual.pdf
  artifactKey: Guid(f585f697ad8d4409cbcdfab4406609ea) Importer(815301076,1909f56bfc062723c751e8b465ee728b)
Number of updated assets reloaded before import = 0
Start importing Assets/GUI PRO Kit - Casual Game/+Document README+/Casual Game - Manual.pdf using Guid(f585f697ad8d4409cbcdfab4406609ea) Importer(815301076,1909f56bfc062723c751e8b465ee728b)  -> (artifact id: '19724ae7ead03f0ba57e68d7ae1f9d62') in 0.036898 seconds 
Number of asset objects unloaded after import = 1
========================================================================
Received Import Request.
  Time since last request: 2.416954 seconds.
  path: Assets/GUI PRO Kit - Casual Game/Preview/_Component_1.png
  artifactKey: Guid(3ed727598cd0547a7b3bdc48b44c435f) Importer(815301076,1909f56bfc062723c751e8b465ee728b)
Number of updated assets reloaded before import = 0
Start importing Assets/GUI PRO Kit - Casual Game/Preview/_Component_1.png using Guid(3ed727598cd0547a7b3bdc48b44c435f) Importer(815301076,1909f56bfc062723c751e8b465ee728b)  -> (artifact id: 'a81d34d49a0e60e14577a57666c4a2bc') in 0.260713 seconds 
Number of asset objects unloaded after import = 3
========================================================================
Received Import Request.
  Time since last request: 0.353920 seconds.
  path: Assets/GUI PRO Kit - Casual Game/Preview/Character_Select.png
  artifactKey: Guid(7a281e6f0d4134c5d8be96ea3a369f8d) Importer(815301076,1909f56bfc062723c751e8b465ee728b)
Number of updated assets reloaded before import = 0
Start importing Assets/GUI PRO Kit - Casual Game/Preview/Character_Select.png using Guid(7a281e6f0d4134c5d8be96ea3a369f8d) Importer(815301076,1909f56bfc062723c751e8b465ee728b)  -> (artifact id: 'fde90bf87ef4503d44e7675e67a063dd') in 0.192925 seconds 
Number of asset objects unloaded after import = 3
========================================================================
Received Import Request.
  Time since last request: 1.771725 seconds.
  path: Assets/GUI PRO Kit - Casual Game/Preview/Character_SuperPassive.png
  artifactKey: Guid(d224a7e3c91704061a7ec571c50fa410) Importer(815301076,1909f56bfc062723c751e8b465ee728b)
Number of updated assets reloaded before import = 0
Start importing Assets/GUI PRO Kit - Casual Game/Preview/Character_SuperPassive.png using Guid(d224a7e3c91704061a7ec571c50fa410) Importer(815301076,1909f56bfc062723c751e8b465ee728b)  -> (artifact id: 'ee35cbea4de82926ec4d23d9e81076c0') in 0.151038 seconds 
Number of asset objects unloaded after import = 3
========================================================================
Received Import Request.
  Time since last request: 0.199157 seconds.
  path: Assets/GUI PRO Kit - Casual Game/Preview/Character.png
  artifactKey: Guid(4252f998291a64a728a1ac35b1403a56) Importer(815301076,1909f56bfc062723c751e8b465ee728b)
Number of updated assets reloaded before import = 0
Start importing Assets/GUI PRO Kit - Casual Game/Preview/Character.png using Guid(4252f998291a64a728a1ac35b1403a56) Importer(815301076,1909f56bfc062723c751e8b465ee728b)  -> (artifact id: '787bf7063fa440ba35e4bee46429c6d6') in 0.166441 seconds 
Number of asset objects unloaded after import = 3
========================================================================
Received Import Request.
  Time since last request: 0.195736 seconds.
  path: Assets/GUI PRO Kit - Casual Game/Preview/_Component_2.png
  artifactKey: Guid(1c93fc4926f8b4110b2d9a3bc5bbb94e) Importer(815301076,1909f56bfc062723c751e8b465ee728b)
Number of updated assets reloaded before import = 0
Start importing Assets/GUI PRO Kit - Casual Game/Preview/_Component_2.png using Guid(1c93fc4926f8b4110b2d9a3bc5bbb94e) Importer(815301076,1909f56bfc062723c751e8b465ee728b)  -> (artifact id: '2b4facc0659fc03ba51bd5182ab5aa24') in 0.146749 seconds 
Number of asset objects unloaded after import = 3
========================================================================
Received Import Request.
  Time since last request: 0.350667 seconds.
  path: Assets/GUI PRO Kit - Casual Game/Preview/_Common_RuneIcons.png
  artifactKey: Guid(e06c625a1ba3847338ad1be14e22717e) Importer(815301076,1909f56bfc062723c751e8b465ee728b)
Number of updated assets reloaded before import = 0
Start importing Assets/GUI PRO Kit - Casual Game/Preview/_Common_RuneIcons.png using Guid(e06c625a1ba3847338ad1be14e22717e) Importer(815301076,1909f56bfc062723c751e8b465ee728b)  -> (artifact id: '5708f9fe5a09d6a1c53dcf1a1850bb86') in 0.216903 seconds 
Number of asset objects unloaded after import = 3
========================================================================
Received Import Request.
  Time since last request: 0.259941 seconds.
  path: Assets/GUI PRO Kit - Casual Game/Preview/Clan.png
  artifactKey: Guid(e88bad29599824d1a8406aa8ac017d00) Importer(815301076,1909f56bfc062723c751e8b465ee728b)
Number of updated assets reloaded before import = 0
Start importing Assets/GUI PRO Kit - Casual Game/Preview/Clan.png using Guid(e88bad29599824d1a8406aa8ac017d00) Importer(815301076,1909f56bfc062723c751e8b465ee728b)  -> (artifact id: '18439729e615df5f4226e1beb7afa8c8') in 0.158692 seconds 
Number of asset objects unloaded after import = 3
========================================================================
Received Import Request.
  Time since last request: 0.938157 seconds.
  path: Assets/GUI PRO Kit - Casual Game/Preview/Missions.png
  artifactKey: Guid(0c04200e528504c33b39815c81c12a7d) Importer(815301076,1909f56bfc062723c751e8b465ee728b)
Number of updated assets reloaded before import = 0
Start importing Assets/GUI PRO Kit - Casual Game/Preview/Missions.png using Guid(0c04200e528504c33b39815c81c12a7d) Importer(815301076,1909f56bfc062723c751e8b465ee728b)  -> (artifact id: '020207598f4c38be734f530453169884') in 0.161439 seconds 
Number of asset objects unloaded after import = 3
========================================================================
Received Import Request.
  Time since last request: 0.273086 seconds.
  path: Assets/GUI PRO Kit - Casual Game/Preview/Play_Pause.png
  artifactKey: Guid(95003f78538c94e34a5ad803014cc18e) Importer(815301076,1909f56bfc062723c751e8b465ee728b)
Number of updated assets reloaded before import = 0
Start importing Assets/GUI PRO Kit - Casual Game/Preview/Play_Pause.png using Guid(95003f78538c94e34a5ad803014cc18e) Importer(815301076,1909f56bfc062723c751e8b465ee728b)  -> (artifact id: 'f2c2261b34858958b6ea9a045d6e04cf') in 0.165906 seconds 
Number of asset objects unloaded after import = 3
========================================================================
Received Import Request.
  Time since last request: 0.217723 seconds.
  path: Assets/GUI PRO Kit - Casual Game/Preview/Popup_Checking.png
  artifactKey: Guid(10c079c0bc3b84a299a14ba0105cf79e) Importer(815301076,1909f56bfc062723c751e8b465ee728b)
Number of updated assets reloaded before import = 0
Start importing Assets/GUI PRO Kit - Casual Game/Preview/Popup_Checking.png using Guid(10c079c0bc3b84a299a14ba0105cf79e) Importer(815301076,1909f56bfc062723c751e8b465ee728b)  -> (artifact id: 'd647d589e76c0dd54fff72b8839128c2') in 0.158604 seconds 
Number of asset objects unloaded after import = 3
========================================================================
Received Import Request.
  Time since last request: 2.444427 seconds.
  path: Assets/GUI PRO Kit - Casual Game/Preview/Popup_Offline.png
  artifactKey: Guid(7c5487fd7965249a1b0dc3eb9463d545) Importer(815301076,1909f56bfc062723c751e8b465ee728b)
Number of updated assets reloaded before import = 0
Start importing Assets/GUI PRO Kit - Casual Game/Preview/Popup_Offline.png using Guid(7c5487fd7965249a1b0dc3eb9463d545) Importer(815301076,1909f56bfc062723c751e8b465ee728b)  -> (artifact id: '3dd1ee426f0f1f01a267c261839001ee') in 0.157838 seconds 
Number of asset objects unloaded after import = 3
========================================================================
Received Import Request.
  Time since last request: 0.679599 seconds.
  path: Assets/GUI PRO Kit - Casual Game/Preview/Popup_RewardMonth.png
  artifactKey: Guid(76f88d421006b4aa091ec684d400fd41) Importer(815301076,1909f56bfc062723c751e8b465ee728b)
Number of updated assets reloaded before import = 0
Start importing Assets/GUI PRO Kit - Casual Game/Preview/Popup_RewardMonth.png using Guid(76f88d421006b4aa091ec684d400fd41) Importer(815301076,1909f56bfc062723c751e8b465ee728b)  -> (artifact id: '661d2f7bbeaee23528ed64ba8a3e211f') in 0.213157 seconds 
Number of asset objects unloaded after import = 3
========================================================================
Received Import Request.
  Time since last request: 0.921848 seconds.
  path: Assets/GUI PRO Kit - Casual Game/Preview/RuneFuse.png
  artifactKey: Guid(3aa9dc40f91de48f893809bc2c33ef4e) Importer(815301076,1909f56bfc062723c751e8b465ee728b)
Number of updated assets reloaded before import = 0
Start importing Assets/GUI PRO Kit - Casual Game/Preview/RuneFuse.png using Guid(3aa9dc40f91de48f893809bc2c33ef4e) Importer(815301076,1909f56bfc062723c751e8b465ee728b)  -> (artifact id: 'fa4c90b215974f5480ceb848c1c93264') in 0.173343 seconds 
Number of asset objects unloaded after import = 3
========================================================================
Received Import Request.
  Time since last request: 0.459813 seconds.
  path: Assets/GUI PRO Kit - Casual Game/Preview/Rate.png
  artifactKey: Guid(30a6fe95c28694f218885ac5f8d0638f) Importer(815301076,1909f56bfc062723c751e8b465ee728b)
Number of updated assets reloaded before import = 0
Start importing Assets/GUI PRO Kit - Casual Game/Preview/Rate.png using Guid(30a6fe95c28694f218885ac5f8d0638f) Importer(815301076,1909f56bfc062723c751e8b465ee728b)  -> (artifact id: '298e4fbdd736f7f41831f7dc0905d84c') in 0.166348 seconds 
Number of asset objects unloaded after import = 3
========================================================================
Received Import Request.
  Time since last request: 13.718158 seconds.
  path: Assets/GUI PRO Kit - Casual Game/Preview/Stage_Select_Type1.png
  artifactKey: Guid(dafb0946b8e8d48b9be9cf44df16f833) Importer(815301076,1909f56bfc062723c751e8b465ee728b)
Number of updated assets reloaded before import = 0
Start importing Assets/GUI PRO Kit - Casual Game/Preview/Stage_Select_Type1.png using Guid(dafb0946b8e8d48b9be9cf44df16f833) Importer(815301076,1909f56bfc062723c751e8b465ee728b)  -> (artifact id: '37d2564b1b16ad09b835470cc9a97662') in 0.171416 seconds 
Number of asset objects unloaded after import = 3
========================================================================
Received Import Request.
  Time since last request: 0.579532 seconds.
  path: Assets/GUI PRO Kit - Casual Game/Preview/Stage_Select_Type2_Detail.png
  artifactKey: Guid(b72d3428ede544543a1a5087a1ded6a4) Importer(815301076,1909f56bfc062723c751e8b465ee728b)
Number of updated assets reloaded before import = 0
Start importing Assets/GUI PRO Kit - Casual Game/Preview/Stage_Select_Type2_Detail.png using Guid(b72d3428ede544543a1a5087a1ded6a4) Importer(815301076,1909f56bfc062723c751e8b465ee728b)  -> (artifact id: 'c71f251f86a3a7d348024004a35fa021') in 0.166077 seconds 
Number of asset objects unloaded after import = 3
========================================================================
Received Import Request.
  Time since last request: 5.217558 seconds.
  path: Assets/GUI PRO Kit - Casual Game/PSD/PSD.unitypackage
  artifactKey: Guid(59d340d3fa2e34d91b4e537dd5bb9941) Importer(815301076,1909f56bfc062723c751e8b465ee728b)
Number of updated assets reloaded before import = 0
Start importing Assets/GUI PRO Kit - Casual Game/PSD/PSD.unitypackage using Guid(59d340d3fa2e34d91b4e537dd5bb9941) Importer(815301076,1909f56bfc062723c751e8b465ee728b)  -> (artifact id: 'b7f5b8bf21af881338cecc149929e312') in 0.013808 seconds 
Number of asset objects unloaded after import = 1
========================================================================
Received Import Request.
  Time since last request: 52.897135 seconds.
  path: Assets/GUI PRO Kit - Casual Game/Scripts/PanelCasualGame.cs
  artifactKey: Guid(9a00128818eda43dfaa959b83527b255) Importer(815301076,1909f56bfc062723c751e8b465ee728b)
Number of updated assets reloaded before import = 0
Start importing Assets/GUI PRO Kit - Casual Game/Scripts/PanelCasualGame.cs using Guid(9a00128818eda43dfaa959b83527b255) Importer(815301076,1909f56bfc062723c751e8b465ee728b)  -> (artifact id: 'c324f4304a4cd011df0277242bed7141') in 0.011745 seconds 
Number of asset objects unloaded after import = 0
========================================================================
Received Import Request.
  Time since last request: 0.466313 seconds.
  path: Assets/GUI PRO Kit - Casual Game/Scripts/PanelControlCasualGame.cs
  artifactKey: Guid(8689bc4470e4bd249b40a700b16bc5af) Importer(815301076,1909f56bfc062723c751e8b465ee728b)
Number of updated assets reloaded before import = 0
Start importing Assets/GUI PRO Kit - Casual Game/Scripts/PanelControlCasualGame.cs using Guid(8689bc4470e4bd249b40a700b16bc5af) Importer(815301076,1909f56bfc062723c751e8b465ee728b)  -> (artifact id: '87707175a1282906631dd4fcf5b440ac') in 0.008199 seconds 
Number of asset objects unloaded after import = 0
========================================================================
Received Prepare
Registering precompiled user dll's ...
Registered in 0.011304 seconds.
Begin MonoManager ReloadAssembly
Native extension for WindowsStandalone target not found
Native extension for Android target not found
Refreshing native plugins compatible for Editor in 2.22 ms, found 4 plugins.
Preloading 0 native plugins for Editor in 0.00 ms.
[Package Manager] Server::EnsureServerProcessIsRunning -- launch failed, reason: Unity was launched with the -noUpm command-line argument
[Package Manager] Cannot connect to Unity Package Manager local server
Mono: successfully reloaded assembly
- Completed reload, in  1.816 seconds
Domain Reload Profiling:
	ReloadAssembly (1817ms)
		BeginReloadAssembly (193ms)
			ExecutionOrderSort (0ms)
			DisableScriptedObjects (7ms)
			BackupInstance (0ms)
			ReleaseScriptingObjects (0ms)
			CreateAndSetChildDomain (41ms)
		EndReloadAssembly (1501ms)
			LoadAssemblies (135ms)
			RebuildTransferFunctionScriptingTraits (0ms)
			SetupTypeCache (290ms)
			ReleaseScriptCaches (2ms)
			RebuildScriptCaches (69ms)
			SetupLoadedEditorAssemblies (964ms)
				LogAssemblyErrors (0ms)
				InitializePlatformSupportModulesInManaged (33ms)
				SetLoadedEditorAssemblies (1ms)
				RefreshPlugins (2ms)
				BeforeProcessingInitializeOnLoad (108ms)
				ProcessInitializeOnLoadAttributes (713ms)
				ProcessInitializeOnLoadMethodAttributes (93ms)
				AfterProcessingInitializeOnLoad (13ms)
				EditorAssembliesLoaded (0ms)
			ExecutionOrderSort2 (0ms)
			AwakeInstancesAfterBackupRestoration (11ms)
Platform modules already initialized, skipping
Refreshing native plugins compatible for Editor in 1.98 ms, found 4 plugins.
Preloading 0 native plugins for Editor in 0.00 ms.
Unloading 3687 Unused Serialized files (Serialized files now loaded: 0)
Unloading 31 unused Assets / (382.0 KB). Loaded Objects now: 4381.
Memory consumption went from 264.6 MB to 264.2 MB.
Total: 3.299100 ms (FindLiveObjects: 0.333900 ms CreateObjectMapping: 0.099900 ms MarkObjects: 2.677100 ms  DeleteObjects: 0.187100 ms)

AssetImportParameters requested are different than current active one (requested -> active):
  custom:video-decoder-ogg-theora: a1e56fd34408186e4bbccfd4996cb3dc -> 
  custom:container-muxer-webm: aa71ff27fc2769a1b78a27578f13a17b -> 
  custom:container-demuxer-webm: 4f35f7cbe854078d1ac9338744f61a02 -> 
  custom:video-encoder-webm-vp8: eb34c28f22e8b96e1ab97ce403110664 -> 
  custom:CustomObjectIndexerAttribute: 6b0e35c9178b02a6363f3721b7b8e397 -> 
  custom:audio-encoder-webm-vorbis: bf7c407c2cedff20999df2af8eb42d56 -> 
  custom:framework-win-MediaFoundation: 216162199b28c13a410421893ffa2e32 -> 
  custom:SearchIndexIgnoredProperties: e643bd26f0fe6173181afceb89e7c659 -> 
  custom:container-demuxer-ogg: 62fdf1f143b41e24485cea50d1cbac27 -> 
  custom:video-decoder-webm-vp8: 9c59270c3fd7afecdb556c50c9e8de78 -> 
  custom:audio-decoder-ogg-vorbis: bf7c407c2cedff20999df2af8eb42d56 -> 
========================================================================
Received Import Request.
  Time since last request: 234.236262 seconds.
  path: Assets/ThirdPartyAssets/GUI Kit Casual Game/ResourcesData/Sprite/Demo/Demo_ClanFlag/ClanFlag_Bg_Large0.png
  artifactKey: Guid(ca73a7db130603743b1da40778eec096) Importer(815301076,1909f56bfc062723c751e8b465ee728b)
Number of updated assets reloaded before import = 0
Start importing Assets/ThirdPartyAssets/GUI Kit Casual Game/ResourcesData/Sprite/Demo/Demo_ClanFlag/ClanFlag_Bg_Large0.png using Guid(ca73a7db130603743b1da40778eec096) Importer(815301076,1909f56bfc062723c751e8b465ee728b)  -> (artifact id: '05d4bc8ab506848f61e6a85cedcbd8f8') in 0.125238 seconds 
Number of asset objects unloaded after import = 3
========================================================================
Received Import Request.
  Time since last request: 0.000043 seconds.
  path: Assets/ThirdPartyAssets/GUI Kit Casual Game/ResourcesData/Sprite/Demo/Demo_ClanFlag/ClanFlag_Bg_Small0.png
  artifactKey: Guid(4275e640d7cd4c14ea2c8f4bbef5c0ba) Importer(815301076,1909f56bfc062723c751e8b465ee728b)
Number of updated assets reloaded before import = 0
Start importing Assets/ThirdPartyAssets/GUI Kit Casual Game/ResourcesData/Sprite/Demo/Demo_ClanFlag/ClanFlag_Bg_Small0.png using Guid(4275e640d7cd4c14ea2c8f4bbef5c0ba) Importer(815301076,1909f56bfc062723c751e8b465ee728b)  -> (artifact id: 'c372de0f56f393e58400018ffb6d44a0') in 0.032126 seconds 
Number of asset objects unloaded after import = 3
========================================================================
Received Import Request.
  Time since last request: 0.000041 seconds.
  path: Assets/ThirdPartyAssets/GUI Kit Casual Game/ResourcesData/Sprite/Demo/Demo_ClanFlag/ClanFlag_Bg_Large3.png
  artifactKey: Guid(32532d9dd5332b4458b896351ef5e22e) Importer(815301076,1909f56bfc062723c751e8b465ee728b)
Number of updated assets reloaded before import = 0
Start importing Assets/ThirdPartyAssets/GUI Kit Casual Game/ResourcesData/Sprite/Demo/Demo_ClanFlag/ClanFlag_Bg_Large3.png using Guid(32532d9dd5332b4458b896351ef5e22e) Importer(815301076,1909f56bfc062723c751e8b465ee728b)  -> (artifact id: 'cccce4691811ddeefdf14c48aa36a2df') in 0.034923 seconds 
Number of asset objects unloaded after import = 3
========================================================================
Received Import Request.
  Time since last request: 0.000041 seconds.
  path: Assets/ThirdPartyAssets/GUI Kit Casual Game/ResourcesData/Sprite/Demo/Demo_Play/Play_Skill_Bg_Frame.png
  artifactKey: Guid(f15592dc24bff49d78a672633c432c40) Importer(815301076,1909f56bfc062723c751e8b465ee728b)
Number of updated assets reloaded before import = 0
Start importing Assets/ThirdPartyAssets/GUI Kit Casual Game/ResourcesData/Sprite/Demo/Demo_Play/Play_Skill_Bg_Frame.png using Guid(f15592dc24bff49d78a672633c432c40) Importer(815301076,1909f56bfc062723c751e8b465ee728b)  -> (artifact id: '9d2890331c3425774cb0b2835f5d691d') in 0.039904 seconds 
Number of asset objects unloaded after import = 3
========================================================================
Received Import Request.
  Time since last request: 0.000021 seconds.
  path: Assets/ThirdPartyAssets/GUI Kit Casual Game/ResourcesData/Sprite/Component/Slider/Slider19_Fusion_Bg1.png
  artifactKey: Guid(b7c8c478389194933a09f582176a27ad) Importer(815301076,1909f56bfc062723c751e8b465ee728b)
Number of updated assets reloaded before import = 0
Start importing Assets/ThirdPartyAssets/GUI Kit Casual Game/ResourcesData/Sprite/Component/Slider/Slider19_Fusion_Bg1.png using Guid(b7c8c478389194933a09f582176a27ad) Importer(815301076,1909f56bfc062723c751e8b465ee728b)  -> (artifact id: 'af6cf020512e2ec9af98caa0fdce31a6') in 0.104482 seconds 
Number of asset objects unloaded after import = 3
========================================================================
Received Import Request.
  Time since last request: 0.000022 seconds.
  path: Assets/ThirdPartyAssets/GUI Kit Casual Game/ResourcesData/Sprite/Demo/Demo_Play/Play_Minimap_Character_Bg_Frame.png
  artifactKey: Guid(5d8f278547e57471b9af06bdcccf21ec) Importer(815301076,1909f56bfc062723c751e8b465ee728b)
Number of updated assets reloaded before import = 0
Start importing Assets/ThirdPartyAssets/GUI Kit Casual Game/ResourcesData/Sprite/Demo/Demo_Play/Play_Minimap_Character_Bg_Frame.png using Guid(5d8f278547e57471b9af06bdcccf21ec) Importer(815301076,1909f56bfc062723c751e8b465ee728b)  -> (artifact id: 'f363ca0aff1bb50d479c62c997e003ef') in 0.031073 seconds 
Number of asset objects unloaded after import = 3
========================================================================
Received Import Request.
  Time since last request: 0.000028 seconds.
  path: Assets/ThirdPartyAssets/GUI Kit Casual Game/ResourcesData/Sprite/Component/Slider/Slider19_Fusion_Bg3.png
  artifactKey: Guid(a1eaf0fed1db84067bfcc655b7cb0a24) Importer(815301076,1909f56bfc062723c751e8b465ee728b)
Number of updated assets reloaded before import = 0
Start importing Assets/ThirdPartyAssets/GUI Kit Casual Game/ResourcesData/Sprite/Component/Slider/Slider19_Fusion_Bg3.png using Guid(a1eaf0fed1db84067bfcc655b7cb0a24) Importer(815301076,1909f56bfc062723c751e8b465ee728b)  -> (artifact id: '73ff31708a59fcb83d3d5afa279ba632') in 0.060026 seconds 
Number of asset objects unloaded after import = 3
========================================================================
Received Import Request.
  Time since last request: 0.000032 seconds.
  path: Assets/ThirdPartyAssets/GUI Kit Casual Game/ResourcesData/Sprite/Demo/Demo_ClanFlag/ClanFlag_Bg_Large4.png
  artifactKey: Guid(660f6b940a510d64682ec51b724303f8) Importer(815301076,1909f56bfc062723c751e8b465ee728b)
Number of updated assets reloaded before import = 0
Start importing Assets/ThirdPartyAssets/GUI Kit Casual Game/ResourcesData/Sprite/Demo/Demo_ClanFlag/ClanFlag_Bg_Large4.png using Guid(660f6b940a510d64682ec51b724303f8) Importer(815301076,1909f56bfc062723c751e8b465ee728b)  -> (artifact id: '039ea5e4a8ab0b05f34bc46cbde5a1b5') in 0.036411 seconds 
Number of asset objects unloaded after import = 3
========================================================================
Received Import Request.
  Time since last request: 0.000019 seconds.
  path: Assets/ThirdPartyAssets/GUI Kit Casual Game/ResourcesData/Sprite/Component/Slider/Slider19_Fusion_Bg5.png
  artifactKey: Guid(f0133012cc62849fb95cdbb77e4164cb) Importer(815301076,1909f56bfc062723c751e8b465ee728b)
Number of updated assets reloaded before import = 0
Start importing Assets/ThirdPartyAssets/GUI Kit Casual Game/ResourcesData/Sprite/Component/Slider/Slider19_Fusion_Bg5.png using Guid(f0133012cc62849fb95cdbb77e4164cb) Importer(815301076,1909f56bfc062723c751e8b465ee728b)  -> (artifact id: 'ae9038fa4b54c78244512be66692c4d0') in 0.041049 seconds 
Number of asset objects unloaded after import = 3
========================================================================
Received Import Request.
  Time since last request: 0.000032 seconds.
  path: Assets/ThirdPartyAssets/GUI Kit Casual Game/ResourcesData/Animatons/Loading_Bg.png
  artifactKey: Guid(323e8332cd590bf4bb8d0a47b32ebd6c) Importer(815301076,1909f56bfc062723c751e8b465ee728b)
Number of updated assets reloaded before import = 0
Start importing Assets/ThirdPartyAssets/GUI Kit Casual Game/ResourcesData/Animatons/Loading_Bg.png using Guid(323e8332cd590bf4bb8d0a47b32ebd6c) Importer(815301076,1909f56bfc062723c751e8b465ee728b)  -> (artifact id: '105049abe67cdd504194333cb049d626') in 0.036695 seconds 
Number of asset objects unloaded after import = 3
========================================================================
Received Import Request.
  Time since last request: 0.000020 seconds.
  path: Assets/ThirdPartyAssets/GUI Kit Casual Game/ResourcesData/Sprite/Demo/Demo_Play/Play_Joystick_bg.png
  artifactKey: Guid(5c1ca36f4333d9248963ca18a80455b4) Importer(815301076,1909f56bfc062723c751e8b465ee728b)
Number of updated assets reloaded before import = 0
Start importing Assets/ThirdPartyAssets/GUI Kit Casual Game/ResourcesData/Sprite/Demo/Demo_Play/Play_Joystick_bg.png using Guid(5c1ca36f4333d9248963ca18a80455b4) Importer(815301076,1909f56bfc062723c751e8b465ee728b)  -> (artifact id: 'fbc5849a6cc7e4cbe979b523212f9c52') in 0.038823 seconds 
Number of asset objects unloaded after import = 3
========================================================================
Received Import Request.
  Time since last request: 0.000028 seconds.
  path: Assets/ThirdPartyAssets/GUI Kit Casual Game/ResourcesData/Sprite/Demo/Demo_ClanFlag/ClanFlag_Bg_Small4.png
  artifactKey: Guid(fea261cb897ae7947909a925d1bffaba) Importer(815301076,1909f56bfc062723c751e8b465ee728b)
Number of updated assets reloaded before import = 0
Start importing Assets/ThirdPartyAssets/GUI Kit Casual Game/ResourcesData/Sprite/Demo/Demo_ClanFlag/ClanFlag_Bg_Small4.png using Guid(fea261cb897ae7947909a925d1bffaba) Importer(815301076,1909f56bfc062723c751e8b465ee728b)  -> (artifact id: '431f0a41a57ae9121f010ef6247e855c') in 0.034711 seconds 
Number of asset objects unloaded after import = 3
========================================================================
Received Import Request.
  Time since last request: 0.000031 seconds.
  path: Assets/ThirdPartyAssets/GUI Kit Casual Game/ResourcesData/Sprite/Demo/Demo_Play/Play_Minimap_Bg_Sample.png
  artifactKey: Guid(ce7cceaf9003c504498e0a73846d850c) Importer(815301076,1909f56bfc062723c751e8b465ee728b)
Number of updated assets reloaded before import = 0
Start importing Assets/ThirdPartyAssets/GUI Kit Casual Game/ResourcesData/Sprite/Demo/Demo_Play/Play_Minimap_Bg_Sample.png using Guid(ce7cceaf9003c504498e0a73846d850c) Importer(815301076,1909f56bfc062723c751e8b465ee728b)  -> (artifact id: '98507e30adaea8652ceb9313f223c5d2') in 0.041256 seconds 
Number of asset objects unloaded after import = 3
========================================================================
Received Import Request.
  Time since last request: 0.000043 seconds.
  path: Assets/ThirdPartyAssets/GUI Kit Casual Game/ResourcesData/Sprite/Demo/Demo_Play/Play_Skill_Bg_Frame_Dim.png
  artifactKey: Guid(6854a5c0a3c1c43a58b7bd0ce06c0935) Importer(815301076,1909f56bfc062723c751e8b465ee728b)
Number of updated assets reloaded before import = 0
Start importing Assets/ThirdPartyAssets/GUI Kit Casual Game/ResourcesData/Sprite/Demo/Demo_Play/Play_Skill_Bg_Frame_Dim.png using Guid(6854a5c0a3c1c43a58b7bd0ce06c0935) Importer(815301076,1909f56bfc062723c751e8b465ee728b)  -> (artifact id: '080406d967724175bf65c7c64fce260c') in 0.037389 seconds 
Number of asset objects unloaded after import = 3
========================================================================
Received Import Request.
  Time since last request: 0.000030 seconds.
  path: Assets/ThirdPartyAssets/GUI Kit Casual Game/ResourcesData/Sprite/Component/Slider/Slider19_Fusion_Bg2.png
  artifactKey: Guid(fb29f34a909f9437282d64589c55b8c1) Importer(815301076,1909f56bfc062723c751e8b465ee728b)
Number of updated assets reloaded before import = 0
Start importing Assets/ThirdPartyAssets/GUI Kit Casual Game/ResourcesData/Sprite/Component/Slider/Slider19_Fusion_Bg2.png using Guid(fb29f34a909f9437282d64589c55b8c1) Importer(815301076,1909f56bfc062723c751e8b465ee728b)  -> (artifact id: 'ab32c1058f8a402d30e79ee815aa28ca') in 0.073125 seconds 
Number of asset objects unloaded after import = 3
Editor requested this worker to shutdown with reason: Scaling down because of idle timeout
AssetImportWorker is now disconnected from the server
Process exiting
Exiting without the bug reporter. Application will terminate with return code 0